Using pre-set license
Built from '2020.2/china_unity/release' branch; Version is '2020.2.7f1c1 (90377d9151b9) revision 9451389'; Using compiler version '192528614'; Build Type 'Release'
OS: 'Windows 10 Pro; OS build 18363.1440; Version 1909; 64bit' Language: 'zh' Physical Memory: 16318 MB
BatchMode: 1, IsHumanControllingUs: 0, StartBugReporterOnCrash: 0, Is64bit: 1, IsPro: 0

 COMMAND LINE ARGUMENTS:
C:\Program Files\Unity\Hub\Editor\2020.2.7f1c1\Editor\Unity.exe
-adb2
-batchMode
-noUpm
-name
AssetImportWorker0
-projectPath
D:/UnityProject/yangtiao
-logFile
Logs/AssetImportWorker0.log
-srvPort
1357
Successfully changed project path to: D:/UnityProject/yangtiao
D:/UnityProject/yangtiao
Using Asset Import Pipeline V2.
Refreshing native plugins compatible for Editor in 20.95 ms, found 0 plugins.
Preloading 0 native plugins for Editor in 0.00 ms.
Initialize engine version: 2020.2.7f1c1 (90377d9151b9)
[Subsystems] Discovering subsystems at path C:/Program Files/Unity/Hub/Editor/2020.2.7f1c1/Editor/Data/Resources/UnitySubsystems
[Subsystems] Discovering subsystems at path D:/UnityProject/yangtiao/Assets
GfxDevice: creating device client; threaded=0
Direct3D:
    Version:  Direct3D 11.0 [level 11.1]
    Renderer: NVIDIA GeForce GTX 1660 Ti (ID=0x2182)
    Vendor:   
    VRAM:     5991 MB
    Driver:   27.21.14.5709
Initialize mono
Mono path[0] = 'C:/Program Files/Unity/Hub/Editor/2020.2.7f1c1/Editor/Data/Managed'
Mono path[1] = 'C:/Program Files/Unity/Hub/Editor/2020.2.7f1c1/Editor/Data/MonoBleedingEdge/lib/mono/unityjit'
Mono config path = 'C:/Program Files/Unity/Hub/Editor/2020.2.7f1c1/Editor/Data/MonoBleedingEdge/etc'
Using monoOptions --debugger-agent=transport=dt_socket,embedding=1,server=y,suspend=n,address=127.0.0.1:56804
Begin MonoManager ReloadAssembly
Registering precompiled unity dll's ...
Register platform support module: C:/Program Files/Unity/Hub/Editor/2020.2.7f1c1/Editor/Data/PlaybackEngines/WindowsStandaloneSupport/UnityEditor.WindowsStandalone.Extensions.dll
Registered in 0.001619 seconds.
Native extension for WindowsStandalone target not found
Refreshing native plugins compatible for Editor in 20.64 ms, found 0 plugins.
Preloading 0 native plugins for Editor in 0.00 ms.
Invoked RoslynAnalysisRunner static constructor.
RoslynAnalysisRunner will not be running.
RoslynAnalysisRunner has terminated.
Mono: successfully reloaded assembly
- Completed reload, in  0.757 seconds
Platform modules already initialized, skipping
Registering precompiled user dll's ...
Registered in 0.000424 seconds.
Begin MonoManager ReloadAssembly
Native extension for WindowsStandalone target not found
Refreshing native plugins compatible for Editor in 0.19 ms, found 0 plugins.
Preloading 0 native plugins for Editor in 0.00 ms.
Invoked RoslynAnalysisRunner static constructor.
RoslynAnalysisRunner will not be running.
RoslynAnalysisRunner has terminated.
Mono: successfully reloaded assembly
- Completed reload, in  0.756 seconds
Platform modules already initialized, skipping
========================================================================
Worker process is ready to serve import requests
Launched and connected shader compiler UnityShaderCompiler.exe after 0.05 seconds
Refreshing native plugins compatible for Editor in 0.19 ms, found 0 plugins.
Preloading 0 native plugins for Editor in 0.00 ms.
Unloading 1114 Unused Serialized files (Serialized files now loaded: 0)
System memory in use before: 57.3 MB.
System memory in use after: 57.4 MB.

Unloading 9 unused Assets to reduce memory usage. Loaded Objects now: 1559.
Total: 1.459200 ms (FindLiveObjects: 0.111900 ms CreateObjectMapping: 0.030500 ms MarkObjects: 1.258600 ms  DeleteObjects: 0.057500 ms)

========================================================================
Received Import Request.
  path: Assets/PNG/New Material.mat
  artifactKey: Guid(ea52572fda377704bbec6a4607d3fb9b) Importer(815301076,1909f56bfc062723c751e8b465ee728b)
Start importing Assets/PNG/New Material.mat using Guid(ea52572fda377704bbec6a4607d3fb9b) Importer(815301076,1909f56bfc062723c751e8b465ee728b)  -> (artifact id: 'ea14b22efebab48c8792e2e0312c47f2') in 0.125006 seconds
  Import took 0.126986 seconds .

========================================================================
Received Import Request.
  Time since last request: 3.275906 seconds.
  path: Assets/Yasuo.cs
  artifactKey: Guid(5d2fcf9d64895b94ab441ff021f9ef84) Importer(815301076,1909f56bfc062723c751e8b465ee728b)
Start importing Assets/Yasuo.cs using Guid(5d2fcf9d64895b94ab441ff021f9ef84) Importer(815301076,1909f56bfc062723c751e8b465ee728b)  -> (artifact id: 'ff770762cc9e0ca92f264178614b5425') in 0.009408 seconds
  Import took 0.011102 seconds .

========================================================================
Received Import Request.
  Time since last request: 0.019179 seconds.
  path: Assets/Yasuo.cs
  artifactKey: Guid(5d2fcf9d64895b94ab441ff021f9ef84) Importer(815301076,1909f56bfc062723c751e8b465ee728b)
Start importing Assets/Yasuo.cs using Guid(5d2fcf9d64895b94ab441ff021f9ef84) Importer(815301076,1909f56bfc062723c751e8b465ee728b)  -> (artifact id: 'ff770762cc9e0ca92f264178614b5425') in 0.001278 seconds
  Import took 0.003034 seconds .

========================================================================
Received Import Request.
  Time since last request: 374.580483 seconds.
  path: Assets/source.tga
  artifactKey: Guid(a83a38d03a97390429e2b3f9d77a8921) Importer(815301076,1909f56bfc062723c751e8b465ee728b)
Start importing Assets/source.tga using Guid(a83a38d03a97390429e2b3f9d77a8921) Importer(815301076,1909f56bfc062723c751e8b465ee728b)  -> (artifact id: 'f8fdd43ad07c0ba30ebd1e895806f7bb') in 0.038458 seconds
  Import took 0.056891 seconds .

========================================================================
Received Import Request.
  Time since last request: 8.890973 seconds.
  path: Assets/bilinear.tga
  artifactKey: Guid(587cce67b47edb6419396aac60940984) Importer(815301076,1909f56bfc062723c751e8b465ee728b)
Start importing Assets/bilinear.tga using Guid(587cce67b47edb6419396aac60940984) Importer(815301076,1909f56bfc062723c751e8b465ee728b)  -> (artifact id: 'd08ec4d8c219398ccbbee025ca261146') in 0.007230 seconds
  Import took 0.009048 seconds .

========================================================================
Received Import Request.
  Time since last request: 0.000458 seconds.
  path: Assets/bilinear.tga
  artifactKey: Guid(587cce67b47edb6419396aac60940984) Importer(815301076,1909f56bfc062723c751e8b465ee728b)
Start importing Assets/bilinear.tga using Guid(587cce67b47edb6419396aac60940984) Importer(815301076,1909f56bfc062723c751e8b465ee728b)  -> (artifact id: 'd08ec4d8c219398ccbbee025ca261146') in 0.014606 seconds
  Import took 0.016314 seconds .

========================================================================
Received Import Request.
  Time since last request: 21.399380 seconds.
  path: Assets/source 1.tga
  artifactKey: Guid(f9c593bbc05a08e4d88e5ef3bc1b3ea7) Importer(815301076,1909f56bfc062723c751e8b465ee728b)
Start importing Assets/source 1.tga using Guid(f9c593bbc05a08e4d88e5ef3bc1b3ea7) Importer(815301076,1909f56bfc062723c751e8b465ee728b)  -> (artifact id: '65eb0b8cca68faf89848e5b9db1e6c4f') in 0.020387 seconds
  Import took 0.022167 seconds .

========================================================================
Received Import Request.
  Time since last request: 4.007432 seconds.
  path: Assets/mitchell.tga
  artifactKey: Guid(f9c593bbc05a08e4d88e5ef3bc1b3ea7) Importer(815301076,1909f56bfc062723c751e8b465ee728b)
Start importing Assets/mitchell.tga using Guid(f9c593bbc05a08e4d88e5ef3bc1b3ea7) Importer(815301076,1909f56bfc062723c751e8b465ee728b)  -> (artifact id: '0d8ea6d5bf58e71d1b8109f9055188a8') in 0.040265 seconds
  Import took 0.042074 seconds .

========================================================================
Received Import Request.
  Time since last request: 3.461736 seconds.
  path: Assets/mitchell.tga
  artifactKey: Guid(f9c593bbc05a08e4d88e5ef3bc1b3ea7) Importer(815301076,1909f56bfc062723c751e8b465ee728b)
Start importing Assets/mitchell.tga using Guid(f9c593bbc05a08e4d88e5ef3bc1b3ea7) Importer(815301076,1909f56bfc062723c751e8b465ee728b)  -> (artifact id: '1d177805e56a13327686cb097caf9d8e') in 0.005416 seconds
  Import took 0.007172 seconds .

========================================================================
Received Import Request.
  Time since last request: 0.004299 seconds.
  path: Assets/mitchell.tga
  artifactKey: Guid(f9c593bbc05a08e4d88e5ef3bc1b3ea7) Importer(815301076,1909f56bfc062723c751e8b465ee728b)
Start importing Assets/mitchell.tga using Guid(f9c593bbc05a08e4d88e5ef3bc1b3ea7) Importer(815301076,1909f56bfc062723c751e8b465ee728b)  -> (artifact id: '1d177805e56a13327686cb097caf9d8e') in 0.010834 seconds
  Import took 0.012547 seconds .

========================================================================
Received Import Request.
  Time since last request: 3.450790 seconds.
  path: Assets/bilinear.tga
  artifactKey: Guid(587cce67b47edb6419396aac60940984) Importer(815301076,1909f56bfc062723c751e8b465ee728b)
Start importing Assets/bilinear.tga using Guid(587cce67b47edb6419396aac60940984) Importer(815301076,1909f56bfc062723c751e8b465ee728b)  -> (artifact id: '41cf3070584879dfcb82f1816ba34570') in 0.007623 seconds
  Import took 0.009477 seconds .

========================================================================
Received Import Request.
  Time since last request: 0.002662 seconds.
  path: Assets/bilinear.tga
  artifactKey: Guid(587cce67b47edb6419396aac60940984) Importer(815301076,1909f56bfc062723c751e8b465ee728b)
Start importing Assets/bilinear.tga using Guid(587cce67b47edb6419396aac60940984) Importer(815301076,1909f56bfc062723c751e8b465ee728b)  -> (artifact id: '41cf3070584879dfcb82f1816ba34570') in 0.036180 seconds
  Import took 0.038067 seconds .

========================================================================
Received Import Request.
  Time since last request: 44.820400 seconds.
  path: Assets/source.tga
  artifactKey: Guid(a83a38d03a97390429e2b3f9d77a8921) Importer(815301076,1909f56bfc062723c751e8b465ee728b)
Start importing Assets/source.tga using Guid(a83a38d03a97390429e2b3f9d77a8921) Importer(815301076,1909f56bfc062723c751e8b465ee728b)  -> (artifact id: '5a225ac4eba762182181bbaf4e24a4c8') in 0.029646 seconds
  Import took 0.031706 seconds .

========================================================================
Received Prepare
Registering precompiled user dll's ...
Registered in 0.000431 seconds.
Begin MonoManager ReloadAssembly
Native extension for WindowsStandalone target not found
Refreshing native plugins compatible for Editor in 0.21 ms, found 0 plugins.
Preloading 0 native plugins for Editor in 0.00 ms.
Invoked RoslynAnalysisRunner static constructor.
RoslynAnalysisRunner will not be running.
RoslynAnalysisRunner has terminated.
Mono: successfully reloaded assembly
- Completed reload, in  0.706 seconds
Platform modules already initialized, skipping
Refreshing native plugins compatible for Editor in 0.19 ms, found 0 plugins.
Preloading 0 native plugins for Editor in 0.00 ms.
Unloading 1108 Unused Serialized files (Serialized files now loaded: 0)
System memory in use before: 60.5 MB.
System memory in use after: 60.6 MB.

Unloading 4 unused Assets to reduce memory usage. Loaded Objects now: 1603.
Total: 1.439900 ms (FindLiveObjects: 0.142400 ms CreateObjectMapping: 0.052700 ms MarkObjects: 1.226800 ms  DeleteObjects: 0.016200 ms)

========================================================================
Received Import Request.
  Time since last request: 232.870961 seconds.
  path: Assets/PNG/new.png
  artifactKey: Guid(6a3bcaf2e6d0c734aacf0020e1fe74ea) Importer(815301076,1909f56bfc062723c751e8b465ee728b)
Start importing Assets/PNG/new.png using Guid(6a3bcaf2e6d0c734aacf0020e1fe74ea) Importer(815301076,1909f56bfc062723c751e8b465ee728b)  -> (artifact id: '9bcbacbe14185002fed7f71a119b9ea3') in 0.085748 seconds
  Import took 0.099315 seconds .

========================================================================
Received Import Request.
  Time since last request: 6.324017 seconds.
  path: Assets/PNG/new.png
  artifactKey: Guid(6a3bcaf2e6d0c734aacf0020e1fe74ea) Importer(815301076,1909f56bfc062723c751e8b465ee728b)
Start importing Assets/PNG/new.png using Guid(6a3bcaf2e6d0c734aacf0020e1fe74ea) Importer(815301076,1909f56bfc062723c751e8b465ee728b)  -> (artifact id: '961b3394287ca0a6376ce70210920893') in 0.005979 seconds
  Import took 0.007770 seconds .

========================================================================
Received Import Request.
  Time since last request: 0.005156 seconds.
  path: Assets/PNG/new.png
  artifactKey: Guid(6a3bcaf2e6d0c734aacf0020e1fe74ea) Importer(815301076,1909f56bfc062723c751e8b465ee728b)
Start importing Assets/PNG/new.png using Guid(6a3bcaf2e6d0c734aacf0020e1fe74ea) Importer(815301076,1909f56bfc062723c751e8b465ee728b)  -> (artifact id: '961b3394287ca0a6376ce70210920893') in 0.013520 seconds
  Import took 0.015315 seconds .

========================================================================
Received Import Request.
  Time since last request: 1.836879 seconds.
  path: Assets/PNG/new.png
  artifactKey: Guid(6a3bcaf2e6d0c734aacf0020e1fe74ea) Importer(815301076,1909f56bfc062723c751e8b465ee728b)
Start importing Assets/PNG/new.png using Guid(6a3bcaf2e6d0c734aacf0020e1fe74ea) Importer(815301076,1909f56bfc062723c751e8b465ee728b)  -> (artifact id: 'b2e1e733df3c6b3f241e36995b047772') in 0.006969 seconds
  Import took 0.014817 seconds .

========================================================================
Received Prepare
Registering precompiled user dll's ...
Registered in 0.000403 seconds.
Begin MonoManager ReloadAssembly
Native extension for WindowsStandalone target not found
Refreshing native plugins compatible for Editor in 0.18 ms, found 0 plugins.
Preloading 0 native plugins for Editor in 0.00 ms.
Invoked RoslynAnalysisRunner static constructor.
RoslynAnalysisRunner will not be running.
RoslynAnalysisRunner has terminated.
Mono: successfully reloaded assembly
- Completed reload, in  0.702 seconds
Platform modules already initialized, skipping
Refreshing native plugins compatible for Editor in 0.20 ms, found 0 plugins.
Preloading 0 native plugins for Editor in 0.00 ms.
Unloading 1108 Unused Serialized files (Serialized files now loaded: 0)
System memory in use before: 60.6 MB.
System memory in use after: 60.7 MB.

Unloading 4 unused Assets to reduce memory usage. Loaded Objects now: 1606.
Total: 1.546600 ms (FindLiveObjects: 0.138200 ms CreateObjectMapping: 0.038100 ms MarkObjects: 1.354000 ms  DeleteObjects: 0.015100 ms)

========================================================================
Received Import Request.
  Time since last request: 61.569587 seconds.
  path: Assets/Materials/bilinear.mat
  artifactKey: Guid(e47e6e5418a3e6b4c8e4f8f5e9ad5a3b) Importer(815301076,1909f56bfc062723c751e8b465ee728b)
Start importing Assets/Materials/bilinear.mat using Guid(e47e6e5418a3e6b4c8e4f8f5e9ad5a3b) Importer(815301076,1909f56bfc062723c751e8b465ee728b)  -> (artifact id: '85c90ffa3ab7d77e4814e68dddfc1619') in 0.050747 seconds
  Import took 0.052772 seconds .

========================================================================
Received Import Request.
  Time since last request: 0.000271 seconds.
  path: Assets/Materials/mitchell.mat
  artifactKey: Guid(9f94c73807fc00842bf9076a56ae8867) Importer(815301076,1909f56bfc062723c751e8b465ee728b)
Start importing Assets/Materials/mitchell.mat using Guid(9f94c73807fc00842bf9076a56ae8867) Importer(815301076,1909f56bfc062723c751e8b465ee728b)  -> (artifact id: 'fb57d8a29306a37a3d872a9d64a1b22a') in 0.021854 seconds
  Import took 0.023491 seconds .

========================================================================
Received Import Request.
  Time since last request: 11.844056 seconds.
  path: Assets/PNG/new.png
  artifactKey: Guid(6a3bcaf2e6d0c734aacf0020e1fe74ea) Importer(815301076,1909f56bfc062723c751e8b465ee728b)
Start importing Assets/PNG/new.png using Guid(6a3bcaf2e6d0c734aacf0020e1fe74ea) Importer(815301076,1909f56bfc062723c751e8b465ee728b)  -> (artifact id: '4594d4bb4868ced9709d2fb9c4c31c48') in 0.028057 seconds
  Import took 0.030005 seconds .

========================================================================
Received Import Request.
  Time since last request: 0.007200 seconds.
  path: Assets/PNG/new.png
  artifactKey: Guid(6a3bcaf2e6d0c734aacf0020e1fe74ea) Importer(815301076,1909f56bfc062723c751e8b465ee728b)
Start importing Assets/PNG/new.png using Guid(6a3bcaf2e6d0c734aacf0020e1fe74ea) Importer(815301076,1909f56bfc062723c751e8b465ee728b)  -> (artifact id: '4594d4bb4868ced9709d2fb9c4c31c48') in 0.006019 seconds
  Import took 0.008019 seconds .

========================================================================
Received Prepare
Registering precompiled user dll's ...
Registered in 0.000426 seconds.
Begin MonoManager ReloadAssembly
Native extension for WindowsStandalone target not found
Refreshing native plugins compatible for Editor in 0.19 ms, found 0 plugins.
Preloading 0 native plugins for Editor in 0.00 ms.
Invoked RoslynAnalysisRunner static constructor.
RoslynAnalysisRunner will not be running.
RoslynAnalysisRunner has terminated.
Mono: successfully reloaded assembly
- Completed reload, in  0.690 seconds
Platform modules already initialized, skipping
Refreshing native plugins compatible for Editor in 0.18 ms, found 0 plugins.
Preloading 0 native plugins for Editor in 0.00 ms.
Unloading 1108 Unused Serialized files (Serialized files now loaded: 0)
System memory in use before: 60.6 MB.
System memory in use after: 60.7 MB.

Unloading 4 unused Assets to reduce memory usage. Loaded Objects now: 1610.
Total: 1.432800 ms (FindLiveObjects: 0.110300 ms CreateObjectMapping: 0.030200 ms MarkObjects: 1.279200 ms  DeleteObjects: 0.012400 ms)

========================================================================
Received Import Request.
  Time since last request: 86.425425 seconds.
  path: Assets/PNG/new.png
  artifactKey: Guid(6a3bcaf2e6d0c734aacf0020e1fe74ea) Importer(815301076,1909f56bfc062723c751e8b465ee728b)
Start importing Assets/PNG/new.png using Guid(6a3bcaf2e6d0c734aacf0020e1fe74ea) Importer(815301076,1909f56bfc062723c751e8b465ee728b)  -> (artifact id: '8c4aca2a3cdb108931259c3ec7fb26ff') in 0.029357 seconds
  Import took 0.031398 seconds .

========================================================================
Received Import Request.
  Time since last request: 47.195844 seconds.
  path: Assets/source.tga
  artifactKey: Guid(a83a38d03a97390429e2b3f9d77a8921) Importer(815301076,1909f56bfc062723c751e8b465ee728b)
Start importing Assets/source.tga using Guid(a83a38d03a97390429e2b3f9d77a8921) Importer(815301076,1909f56bfc062723c751e8b465ee728b)  -> (artifact id: 'a56f77da65b21ba0394b771d01d19e70') in 0.011052 seconds
  Import took 0.012859 seconds .

========================================================================
Received Import Request.
  Time since last request: 0.001006 seconds.
  path: Assets/bilinear.tga
  artifactKey: Guid(587cce67b47edb6419396aac60940984) Importer(815301076,1909f56bfc062723c751e8b465ee728b)
Start importing Assets/bilinear.tga using Guid(587cce67b47edb6419396aac60940984) Importer(815301076,1909f56bfc062723c751e8b465ee728b)  -> (artifact id: 'dd2f56fd82d050713910e009345c83bf') in 0.010995 seconds
  Import took 0.012735 seconds .

========================================================================
Received Import Request.
  Time since last request: 0.000234 seconds.
  path: Assets/mitchell.tga
  artifactKey: Guid(f9c593bbc05a08e4d88e5ef3bc1b3ea7) Importer(815301076,1909f56bfc062723c751e8b465ee728b)
Start importing Assets/mitchell.tga using Guid(f9c593bbc05a08e4d88e5ef3bc1b3ea7) Importer(815301076,1909f56bfc062723c751e8b465ee728b)  -> (artifact id: 'c3b19fe25fb9d9dca1d53a651c40b5a7') in 0.015742 seconds
  Import took 0.017381 seconds .

========================================================================
Received Import Request.
  Time since last request: 0.000231 seconds.
  path: Assets/new.png
  artifactKey: Guid(6f86c5ecbe4ddd3439e81cd7f68b11e3) Importer(815301076,1909f56bfc062723c751e8b465ee728b)
Start importing Assets/new.png using Guid(6f86c5ecbe4ddd3439e81cd7f68b11e3) Importer(815301076,1909f56bfc062723c751e8b465ee728b)  -> (artifact id: '691086330b9b7f19c44b8a7b6ae94f32') in 0.017162 seconds
  Import took 0.018884 seconds .

========================================================================
Received Import Request.
  Time since last request: 40.579256 seconds.
  path: Assets/PNG/Materials
  artifactKey: Guid(5a2c0f2264b34ae4bbdfb6614f4f1a83) Importer(815301076,1909f56bfc062723c751e8b465ee728b)
Start importing Assets/PNG/Materials using Guid(5a2c0f2264b34ae4bbdfb6614f4f1a83) Importer(815301076,1909f56bfc062723c751e8b465ee728b)  -> (artifact id: 'ecbd2a46195c9ca4291178f459ee1868') in 0.001956 seconds
  Import took 0.003863 seconds .

========================================================================
Received Import Request.
  Time since last request: 0.123309 seconds.
  path: Assets/PNG/Materials/new.mat
  artifactKey: Guid(b960a41d8dba510468509dd2eee79211) Importer(815301076,1909f56bfc062723c751e8b465ee728b)
Start importing Assets/PNG/Materials/new.mat using Guid(b960a41d8dba510468509dd2eee79211) Importer(815301076,1909f56bfc062723c751e8b465ee728b)  -> (artifact id: '06bf34db5f7d3c8cfa1f0c1190e0534b') in 0.038724 seconds
  Import took 0.040508 seconds .

========================================================================
Received Prepare
Registering precompiled user dll's ...
Registered in 0.000435 seconds.
Begin MonoManager ReloadAssembly
Native extension for WindowsStandalone target not found
Refreshing native plugins compatible for Editor in 0.20 ms, found 0 plugins.
Preloading 0 native plugins for Editor in 0.00 ms.
Invoked RoslynAnalysisRunner static constructor.
RoslynAnalysisRunner will not be running.
RoslynAnalysisRunner has terminated.
Mono: successfully reloaded assembly
- Completed reload, in  0.709 seconds
Platform modules already initialized, skipping
Refreshing native plugins compatible for Editor in 0.21 ms, found 0 plugins.
Preloading 0 native plugins for Editor in 0.00 ms.
Unloading 1108 Unused Serialized files (Serialized files now loaded: 0)
System memory in use before: 60.6 MB.
System memory in use after: 60.7 MB.

Unloading 4 unused Assets to reduce memory usage. Loaded Objects now: 1614.
Total: 1.368900 ms (FindLiveObjects: 0.117000 ms CreateObjectMapping: 0.031300 ms MarkObjects: 1.207100 ms  DeleteObjects: 0.012400 ms)

========================================================================
Received Prepare
Registering precompiled user dll's ...
Registered in 0.000415 seconds.
Begin MonoManager ReloadAssembly
Native extension for WindowsStandalone target not found
Refreshing native plugins compatible for Editor in 0.20 ms, found 0 plugins.
Preloading 0 native plugins for Editor in 0.00 ms.
Invoked RoslynAnalysisRunner static constructor.
RoslynAnalysisRunner will not be running.
RoslynAnalysisRunner has terminated.
Mono: successfully reloaded assembly
- Completed reload, in  0.684 seconds
Platform modules already initialized, skipping
Refreshing native plugins compatible for Editor in 0.20 ms, found 0 plugins.
Preloading 0 native plugins for Editor in 0.00 ms.
Unloading 1108 Unused Serialized files (Serialized files now loaded: 0)
System memory in use before: 60.6 MB.
System memory in use after: 60.7 MB.

Unloading 4 unused Assets to reduce memory usage. Loaded Objects now: 1617.
Total: 1.528900 ms (FindLiveObjects: 0.133700 ms CreateObjectMapping: 0.036800 ms MarkObjects: 1.345200 ms  DeleteObjects: 0.012200 ms)

========================================================================
Received Prepare
Registering precompiled user dll's ...
Registered in 0.000414 seconds.
Begin MonoManager ReloadAssembly
Native extension for WindowsStandalone target not found
Refreshing native plugins compatible for Editor in 0.19 ms, found 0 plugins.
Preloading 0 native plugins for Editor in 0.00 ms.
Invoked RoslynAnalysisRunner static constructor.
RoslynAnalysisRunner will not be running.
RoslynAnalysisRunner has terminated.
Mono: successfully reloaded assembly
- Completed reload, in  0.685 seconds
Platform modules already initialized, skipping
Refreshing native plugins compatible for Editor in 0.19 ms, found 0 plugins.
Preloading 0 native plugins for Editor in 0.00 ms.
Unloading 1108 Unused Serialized files (Serialized files now loaded: 0)
System memory in use before: 60.6 MB.
System memory in use after: 60.7 MB.

Unloading 4 unused Assets to reduce memory usage. Loaded Objects now: 1620.
Total: 1.548600 ms (FindLiveObjects: 0.130100 ms CreateObjectMapping: 0.036400 ms MarkObjects: 1.367900 ms  DeleteObjects: 0.013000 ms)

========================================================================
Received Import Request.
  Time since last request: 1263.734194 seconds.
  path: Assets/PNG/new.png
  artifactKey: Guid(6a3bcaf2e6d0c734aacf0020e1fe74ea) Importer(815301076,1909f56bfc062723c751e8b465ee728b)
Start importing Assets/PNG/new.png using Guid(6a3bcaf2e6d0c734aacf0020e1fe74ea) Importer(815301076,1909f56bfc062723c751e8b465ee728b)  -> (artifact id: '9a2f18ecf30ae0a8b0df471c601989cc') in 0.065481 seconds
  Import took 0.067554 seconds .

========================================================================
Received Prepare
Registering precompiled user dll's ...
Registered in 0.000489 seconds.
Begin MonoManager ReloadAssembly
Native extension for WindowsStandalone target not found
Refreshing native plugins compatible for Editor in 0.18 ms, found 0 plugins.
Preloading 0 native plugins for Editor in 0.00 ms.
Invoked RoslynAnalysisRunner static constructor.
RoslynAnalysisRunner will not be running.
RoslynAnalysisRunner has terminated.
Mono: successfully reloaded assembly
- Completed reload, in  0.675 seconds
Platform modules already initialized, skipping
Refreshing native plugins compatible for Editor in 0.18 ms, found 0 plugins.
Preloading 0 native plugins for Editor in 0.00 ms.
Unloading 1108 Unused Serialized files (Serialized files now loaded: 0)
System memory in use before: 60.6 MB.
System memory in use after: 60.7 MB.

Unloading 4 unused Assets to reduce memory usage. Loaded Objects now: 1623.
Total: 1.460500 ms (FindLiveObjects: 0.109000 ms CreateObjectMapping: 0.027700 ms MarkObjects: 1.311300 ms  DeleteObjects: 0.011900 ms)

========================================================================
Received Import Request.
  Time since last request: 31.428205 seconds.
  path: Assets/PNG/new.png
  artifactKey: Guid(6a3bcaf2e6d0c734aacf0020e1fe74ea) Importer(815301076,1909f56bfc062723c751e8b465ee728b)
Start importing Assets/PNG/new.png using Guid(6a3bcaf2e6d0c734aacf0020e1fe74ea) Importer(815301076,1909f56bfc062723c751e8b465ee728b)  -> (artifact id: '66307fc06c7d7272338fbead4e40a522') in 0.059546 seconds
  Import took 0.061478 seconds .

========================================================================
Received Prepare
Registering precompiled user dll's ...
Registered in 0.000432 seconds.
Begin MonoManager ReloadAssembly
Native extension for WindowsStandalone target not found
Refreshing native plugins compatible for Editor in 0.22 ms, found 0 plugins.
Preloading 0 native plugins for Editor in 0.00 ms.
Invoked RoslynAnalysisRunner static constructor.
RoslynAnalysisRunner will not be running.
RoslynAnalysisRunner has terminated.
Mono: successfully reloaded assembly
- Completed reload, in  0.688 seconds
Platform modules already initialized, skipping
Refreshing native plugins compatible for Editor in 0.18 ms, found 0 plugins.
Preloading 0 native plugins for Editor in 0.00 ms.
Unloading 1108 Unused Serialized files (Serialized files now loaded: 0)
System memory in use before: 60.6 MB.
System memory in use after: 60.7 MB.

Unloading 4 unused Assets to reduce memory usage. Loaded Objects now: 1626.
Total: 1.459300 ms (FindLiveObjects: 0.114300 ms CreateObjectMapping: 0.032100 ms MarkObjects: 1.300100 ms  DeleteObjects: 0.012100 ms)

========================================================================
Received Import Request.
  Time since last request: 58.323400 seconds.
  path: Assets/PNG/new.png
  artifactKey: Guid(6a3bcaf2e6d0c734aacf0020e1fe74ea) Importer(815301076,1909f56bfc062723c751e8b465ee728b)
Start importing Assets/PNG/new.png using Guid(6a3bcaf2e6d0c734aacf0020e1fe74ea) Importer(815301076,1909f56bfc062723c751e8b465ee728b)  -> (artifact id: '1f0b78a6a4b4e0ee9cd30c4b304c114d') in 0.045833 seconds
  Import took 0.047829 seconds .

========================================================================
Received Import Request.
  Time since last request: 36.819249 seconds.
  path: Assets/PNG/new.png
  artifactKey: Guid(6a3bcaf2e6d0c734aacf0020e1fe74ea) Importer(815301076,1909f56bfc062723c751e8b465ee728b)
Start importing Assets/PNG/new.png using Guid(6a3bcaf2e6d0c734aacf0020e1fe74ea) Importer(815301076,1909f56bfc062723c751e8b465ee728b)  -> (artifact id: '13474580c494e0bf26e7d76bfcf385b5') in 0.051228 seconds
  Import took 0.052952 seconds .

========================================================================
Received Import Request.
  Time since last request: 24.158385 seconds.
  path: Assets/PNG/new.png
  artifactKey: Guid(6a3bcaf2e6d0c734aacf0020e1fe74ea) Importer(815301076,1909f56bfc062723c751e8b465ee728b)
Start importing Assets/PNG/new.png using Guid(6a3bcaf2e6d0c734aacf0020e1fe74ea) Importer(815301076,1909f56bfc062723c751e8b465ee728b)  -> (artifact id: '2fb74816f1241240f87fd9f4a65875bf') in 0.006294 seconds
  Import took 0.008073 seconds .

========================================================================
Received Import Request.
  Time since last request: 0.006794 seconds.
  path: Assets/PNG/new.png
  artifactKey: Guid(6a3bcaf2e6d0c734aacf0020e1fe74ea) Importer(815301076,1909f56bfc062723c751e8b465ee728b)
Start importing Assets/PNG/new.png using Guid(6a3bcaf2e6d0c734aacf0020e1fe74ea) Importer(815301076,1909f56bfc062723c751e8b465ee728b)  -> (artifact id: '2fb74816f1241240f87fd9f4a65875bf') in 0.027217 seconds
  Import took 0.029084 seconds .

========================================================================
Received Prepare
Registering precompiled user dll's ...
Registered in 0.000442 seconds.
Begin MonoManager ReloadAssembly
Native extension for WindowsStandalone target not found
Refreshing native plugins compatible for Editor in 0.19 ms, found 0 plugins.
Preloading 0 native plugins for Editor in 0.00 ms.
Invoked RoslynAnalysisRunner static constructor.
RoslynAnalysisRunner will not be running.
RoslynAnalysisRunner has terminated.
Mono: successfully reloaded assembly
- Completed reload, in  0.699 seconds
Platform modules already initialized, skipping
Refreshing native plugins compatible for Editor in 0.19 ms, found 0 plugins.
Preloading 0 native plugins for Editor in 0.00 ms.
Unloading 1108 Unused Serialized files (Serialized files now loaded: 0)
System memory in use before: 60.6 MB.
System memory in use after: 60.7 MB.

Unloading 4 unused Assets to reduce memory usage. Loaded Objects now: 1629.
Total: 1.530300 ms (FindLiveObjects: 0.124400 ms CreateObjectMapping: 0.031900 ms MarkObjects: 1.351100 ms  DeleteObjects: 0.021900 ms)

========================================================================
Received Prepare
Registering precompiled user dll's ...
Registered in 0.000422 seconds.
Begin MonoManager ReloadAssembly
Native extension for WindowsStandalone target not found
Refreshing native plugins compatible for Editor in 0.20 ms, found 0 plugins.
Preloading 0 native plugins for Editor in 0.00 ms.
Invoked RoslynAnalysisRunner static constructor.
RoslynAnalysisRunner will not be running.
RoslynAnalysisRunner has terminated.
Mono: successfully reloaded assembly
- Completed reload, in  0.697 seconds
Platform modules already initialized, skipping
Refreshing native plugins compatible for Editor in 0.20 ms, found 0 plugins.
Preloading 0 native plugins for Editor in 0.00 ms.
Unloading 1108 Unused Serialized files (Serialized files now loaded: 0)
System memory in use before: 60.6 MB.
System memory in use after: 60.7 MB.

Unloading 4 unused Assets to reduce memory usage. Loaded Objects now: 1632.
Total: 1.403100 ms (FindLiveObjects: 0.130000 ms CreateObjectMapping: 0.036100 ms MarkObjects: 1.221200 ms  DeleteObjects: 0.014800 ms)

========================================================================
Received Import Request.
  Time since last request: 183.866139 seconds.
  path: Assets/PNG/Materials/new 1.mat
  artifactKey: Guid(fa2209ba7476e624c9ffdd113dbc776c) Importer(815301076,1909f56bfc062723c751e8b465ee728b)
Start importing Assets/PNG/Materials/new 1.mat using Guid(fa2209ba7476e624c9ffdd113dbc776c) Importer(815301076,1909f56bfc062723c751e8b465ee728b)  -> (artifact id: '7cac3b8ebaa745548a3d1eb957ac6b05') in 0.048566 seconds
  Import took 0.050467 seconds .

========================================================================
Received Import Request.
  Time since last request: 4.891436 seconds.
  path: Assets/source.tga
  artifactKey: Guid(a83a38d03a97390429e2b3f9d77a8921) Importer(815301076,1909f56bfc062723c751e8b465ee728b)
Start importing Assets/source.tga using Guid(a83a38d03a97390429e2b3f9d77a8921) Importer(815301076,1909f56bfc062723c751e8b465ee728b)  -> (artifact id: '468a0050b5fa403773c144ecac3056ce') in 0.038020 seconds
  Import took 0.039845 seconds .

========================================================================
Received Prepare
Registering precompiled user dll's ...
Registered in 0.000461 seconds.
Begin MonoManager ReloadAssembly
Native extension for WindowsStandalone target not found
Refreshing native plugins compatible for Editor in 0.19 ms, found 0 plugins.
Preloading 0 native plugins for Editor in 0.00 ms.
Invoked RoslynAnalysisRunner static constructor.
RoslynAnalysisRunner will not be running.
RoslynAnalysisRunner has terminated.
Mono: successfully reloaded assembly
- Completed reload, in  0.683 seconds
Platform modules already initialized, skipping
Refreshing native plugins compatible for Editor in 0.19 ms, found 0 plugins.
Preloading 0 native plugins for Editor in 0.00 ms.
Unloading 1108 Unused Serialized files (Serialized files now loaded: 0)
System memory in use before: 60.6 MB.
System memory in use after: 60.7 MB.

Unloading 4 unused Assets to reduce memory usage. Loaded Objects now: 1636.
Total: 1.545200 ms (FindLiveObjects: 0.122500 ms CreateObjectMapping: 0.031900 ms MarkObjects: 1.375400 ms  DeleteObjects: 0.014700 ms)

========================================================================
Received Prepare
Registering precompiled user dll's ...
Registered in 0.000429 seconds.
Begin MonoManager ReloadAssembly
Native extension for WindowsStandalone target not found
Refreshing native plugins compatible for Editor in 0.19 ms, found 0 plugins.
Preloading 0 native plugins for Editor in 0.00 ms.
Invoked RoslynAnalysisRunner static constructor.
RoslynAnalysisRunner will not be running.
RoslynAnalysisRunner has terminated.
Mono: successfully reloaded assembly
- Completed reload, in  0.695 seconds
Platform modules already initialized, skipping
Refreshing native plugins compatible for Editor in 0.20 ms, found 0 plugins.
Preloading 0 native plugins for Editor in 0.00 ms.
Unloading 1108 Unused Serialized files (Serialized files now loaded: 0)
System memory in use before: 60.6 MB.
System memory in use after: 60.7 MB.

Unloading 4 unused Assets to reduce memory usage. Loaded Objects now: 1639.
Total: 1.484400 ms (FindLiveObjects: 0.190500 ms CreateObjectMapping: 0.041100 ms MarkObjects: 1.239300 ms  DeleteObjects: 0.012500 ms)

========================================================================
Received Prepare
Registering precompiled user dll's ...
Registered in 0.000459 seconds.
Begin MonoManager ReloadAssembly
Native extension for WindowsStandalone target not found
Refreshing native plugins compatible for Editor in 0.19 ms, found 0 plugins.
Preloading 0 native plugins for Editor in 0.00 ms.
Invoked RoslynAnalysisRunner static constructor.
RoslynAnalysisRunner will not be running.
RoslynAnalysisRunner has terminated.
Mono: successfully reloaded assembly
- Completed reload, in  0.696 seconds
Platform modules already initialized, skipping
Refreshing native plugins compatible for Editor in 0.19 ms, found 0 plugins.
Preloading 0 native plugins for Editor in 0.00 ms.
Unloading 1108 Unused Serialized files (Serialized files now loaded: 0)
System memory in use before: 60.6 MB.
System memory in use after: 60.7 MB.

Unloading 4 unused Assets to reduce memory usage. Loaded Objects now: 1642.
Total: 1.390000 ms (FindLiveObjects: 0.115600 ms CreateObjectMapping: 0.031200 ms MarkObjects: 1.229600 ms  DeleteObjects: 0.012700 ms)

========================================================================
Received Import Request.
  Time since last request: 222.909094 seconds.
  path: Assets/PNG/new.png
  artifactKey: Guid(6a3bcaf2e6d0c734aacf0020e1fe74ea) Importer(815301076,1909f56bfc062723c751e8b465ee728b)
Start importing Assets/PNG/new.png using Guid(6a3bcaf2e6d0c734aacf0020e1fe74ea) Importer(815301076,1909f56bfc062723c751e8b465ee728b)  -> (artifact id: 'b5bd37962413c1baa4437cfd4f07e691') in 0.047563 seconds
  Import took 0.049639 seconds .

========================================================================
Received Prepare
Registering precompiled user dll's ...
Registered in 0.000428 seconds.
Begin MonoManager ReloadAssembly
Native extension for WindowsStandalone target not found
Refreshing native plugins compatible for Editor in 0.19 ms, found 0 plugins.
Preloading 0 native plugins for Editor in 0.00 ms.
Invoked RoslynAnalysisRunner static constructor.
RoslynAnalysisRunner will not be running.
RoslynAnalysisRunner has terminated.
Mono: successfully reloaded assembly
- Completed reload, in  0.685 seconds
Platform modules already initialized, skipping
Refreshing native plugins compatible for Editor in 0.22 ms, found 0 plugins.
Preloading 0 native plugins for Editor in 0.00 ms.
Unloading 1108 Unused Serialized files (Serialized files now loaded: 0)
System memory in use before: 60.7 MB.
System memory in use after: 60.8 MB.

Unloading 4 unused Assets to reduce memory usage. Loaded Objects now: 1645.
Total: 1.558400 ms (FindLiveObjects: 0.117800 ms CreateObjectMapping: 0.031900 ms MarkObjects: 1.396000 ms  DeleteObjects: 0.012000 ms)

========================================================================
Received Import Request.
  Time since last request: 301.870583 seconds.
  path: Assets/bilinear.tga
  artifactKey: Guid(587cce67b47edb6419396aac60940984) Importer(815301076,1909f56bfc062723c751e8b465ee728b)
Start importing Assets/bilinear.tga using Guid(587cce67b47edb6419396aac60940984) Importer(815301076,1909f56bfc062723c751e8b465ee728b)  -> (artifact id: '60e28df1a3e39eee4d0cbf28a199d532') in 0.055759 seconds
  Import took 0.057719 seconds .

========================================================================
Received Import Request.
  Time since last request: 6.673080 seconds.
  path: Assets/mitchell.tga
  artifactKey: Guid(f9c593bbc05a08e4d88e5ef3bc1b3ea7) Importer(815301076,1909f56bfc062723c751e8b465ee728b)
Start importing Assets/mitchell.tga using Guid(f9c593bbc05a08e4d88e5ef3bc1b3ea7) Importer(815301076,1909f56bfc062723c751e8b465ee728b)  -> (artifact id: '635331ae3c1ea58219cc961f15b4a238') in 0.035870 seconds
  Import took 0.037739 seconds .

========================================================================
Received Import Request.
  Time since last request: 27.331828 seconds.
  path: Assets/bilinear.tga
  artifactKey: Guid(587cce67b47edb6419396aac60940984) Importer(815301076,1909f56bfc062723c751e8b465ee728b)
Start importing Assets/bilinear.tga using Guid(587cce67b47edb6419396aac60940984) Importer(815301076,1909f56bfc062723c751e8b465ee728b)  -> (artifact id: '459b718edb12bc1cddbc8518dbaa3a7a') in 0.028752 seconds
  Import took 0.030848 seconds .

========================================================================
Received Import Request.
  Time since last request: 0.000215 seconds.
  path: Assets/mitchell.tga
  artifactKey: Guid(f9c593bbc05a08e4d88e5ef3bc1b3ea7) Importer(815301076,1909f56bfc062723c751e8b465ee728b)
Start importing Assets/mitchell.tga using Guid(f9c593bbc05a08e4d88e5ef3bc1b3ea7) Importer(815301076,1909f56bfc062723c751e8b465ee728b)  -> (artifact id: '719ba3fa21fcfb2fa192b2f61c1165a1') in 0.025871 seconds
  Import took 0.027752 seconds .

========================================================================
Received Import Request.
  Time since last request: 0.000251 seconds.
  path: Assets/bilinear.tga
  artifactKey: Guid(587cce67b47edb6419396aac60940984) Importer(815301076,1909f56bfc062723c751e8b465ee728b)
Start importing Assets/bilinear.tga using Guid(587cce67b47edb6419396aac60940984) Importer(815301076,1909f56bfc062723c751e8b465ee728b)  -> (artifact id: '459b718edb12bc1cddbc8518dbaa3a7a') in 0.041624 seconds
  Import took 0.043361 seconds .

========================================================================
Received Import Request.
  Time since last request: 0.000264 seconds.
  path: Assets/new.png
  artifactKey: Guid(6f86c5ecbe4ddd3439e81cd7f68b11e3) Importer(815301076,1909f56bfc062723c751e8b465ee728b)
Start importing Assets/new.png using Guid(6f86c5ecbe4ddd3439e81cd7f68b11e3) Importer(815301076,1909f56bfc062723c751e8b465ee728b)  -> (artifact id: 'b7e22c22bb856871f7ca3f98f2ef379e') in 0.018733 seconds
  Import took 0.020439 seconds .

========================================================================
Received Prepare
Registering precompiled user dll's ...
Registered in 0.000461 seconds.
Begin MonoManager ReloadAssembly
Native extension for WindowsStandalone target not found
Refreshing native plugins compatible for Editor in 0.19 ms, found 0 plugins.
Preloading 0 native plugins for Editor in 0.00 ms.
Invoked RoslynAnalysisRunner static constructor.
RoslynAnalysisRunner will not be running.
RoslynAnalysisRunner has terminated.
Mono: successfully reloaded assembly
- Completed reload, in  0.680 seconds
Platform modules already initialized, skipping
Refreshing native plugins compatible for Editor in 0.19 ms, found 0 plugins.
Preloading 0 native plugins for Editor in 0.00 ms.
Unloading 1108 Unused Serialized files (Serialized files now loaded: 0)
System memory in use before: 60.7 MB.
System memory in use after: 60.8 MB.

Unloading 4 unused Assets to reduce memory usage. Loaded Objects now: 1648.
Total: 1.465200 ms (FindLiveObjects: 0.112200 ms CreateObjectMapping: 0.028700 ms MarkObjects: 1.311200 ms  DeleteObjects: 0.012100 ms)

========================================================================
Received Prepare
Registering precompiled user dll's ...
Registered in 0.000407 seconds.
Begin MonoManager ReloadAssembly
Native extension for WindowsStandalone target not found
Refreshing native plugins compatible for Editor in 0.19 ms, found 0 plugins.
Preloading 0 native plugins for Editor in 0.00 ms.
Invoked RoslynAnalysisRunner static constructor.
RoslynAnalysisRunner will not be running.
RoslynAnalysisRunner has terminated.
Mono: successfully reloaded assembly
- Completed reload, in  0.678 seconds
Platform modules already initialized, skipping
Refreshing native plugins compatible for Editor in 0.19 ms, found 0 plugins.
Preloading 0 native plugins for Editor in 0.00 ms.
Unloading 1108 Unused Serialized files (Serialized files now loaded: 0)
System memory in use before: 60.7 MB.
System memory in use after: 60.8 MB.

Unloading 4 unused Assets to reduce memory usage. Loaded Objects now: 1651.
Total: 1.450000 ms (FindLiveObjects: 0.119200 ms CreateObjectMapping: 0.031200 ms MarkObjects: 1.285900 ms  DeleteObjects: 0.012600 ms)

========================================================================
Received Prepare
Registering precompiled user dll's ...
Registered in 0.000426 seconds.
Begin MonoManager ReloadAssembly
Native extension for WindowsStandalone target not found
Refreshing native plugins compatible for Editor in 0.19 ms, found 0 plugins.
Preloading 0 native plugins for Editor in 0.00 ms.
Invoked RoslynAnalysisRunner static constructor.
RoslynAnalysisRunner will not be running.
RoslynAnalysisRunner has terminated.
Mono: successfully reloaded assembly
- Completed reload, in  0.687 seconds
Platform modules already initialized, skipping
Refreshing native plugins compatible for Editor in 0.18 ms, found 0 plugins.
Preloading 0 native plugins for Editor in 0.00 ms.
Unloading 1108 Unused Serialized files (Serialized files now loaded: 0)
System memory in use before: 60.7 MB.
System memory in use after: 60.8 MB.

Unloading 4 unused Assets to reduce memory usage. Loaded Objects now: 1654.
Total: 1.407900 ms (FindLiveObjects: 0.122100 ms CreateObjectMapping: 0.031400 ms MarkObjects: 1.240100 ms  DeleteObjects: 0.013000 ms)

========================================================================
Received Prepare
Registering precompiled user dll's ...
Registered in 0.000419 seconds.
Begin MonoManager ReloadAssembly
Native extension for WindowsStandalone target not found
Refreshing native plugins compatible for Editor in 0.18 ms, found 0 plugins.
Preloading 0 native plugins for Editor in 0.00 ms.
Invoked RoslynAnalysisRunner static constructor.
RoslynAnalysisRunner will not be running.
RoslynAnalysisRunner has terminated.
Mono: successfully reloaded assembly
- Completed reload, in  0.690 seconds
Platform modules already initialized, skipping
Refreshing native plugins compatible for Editor in 0.19 ms, found 0 plugins.
Preloading 0 native plugins for Editor in 0.00 ms.
Unloading 1108 Unused Serialized files (Serialized files now loaded: 0)
System memory in use before: 60.7 MB.
System memory in use after: 60.8 MB.

Unloading 4 unused Assets to reduce memory usage. Loaded Objects now: 1657.
Total: 1.421900 ms (FindLiveObjects: 0.131100 ms CreateObjectMapping: 0.036900 ms MarkObjects: 1.241600 ms  DeleteObjects: 0.011600 ms)

========================================================================
Received Prepare
Registering precompiled user dll's ...
Registered in 0.000433 seconds.
Begin MonoManager ReloadAssembly
Native extension for WindowsStandalone target not found
Refreshing native plugins compatible for Editor in 0.18 ms, found 0 plugins.
Preloading 0 native plugins for Editor in 0.00 ms.
Invoked RoslynAnalysisRunner static constructor.
RoslynAnalysisRunner will not be running.
RoslynAnalysisRunner has terminated.
Mono: successfully reloaded assembly
- Completed reload, in  0.692 seconds
Platform modules already initialized, skipping
Refreshing native plugins compatible for Editor in 0.18 ms, found 0 plugins.
Preloading 0 native plugins for Editor in 0.00 ms.
Unloading 1108 Unused Serialized files (Serialized files now loaded: 0)
System memory in use before: 60.7 MB.
System memory in use after: 60.8 MB.

Unloading 4 unused Assets to reduce memory usage. Loaded Objects now: 1660.
Total: 1.478500 ms (FindLiveObjects: 0.149800 ms CreateObjectMapping: 0.047400 ms MarkObjects: 1.265400 ms  DeleteObjects: 0.014700 ms)

AssetImportWorkerClient::OnTransportError - code=2 error=End of file
