Using pre-set license
Built from '2020.2/china_unity/release' branch; Version is '2020.2.7f1c1 (90377d9151b9) revision 9451389'; Using compiler version '192528614'; Build Type 'Release'
OS: 'Windows 10 Pro; OS build 18363.1440; Version 1909; 64bit' Language: 'zh' Physical Memory: 16318 MB
BatchMode: 1, IsHumanControllingUs: 0, StartBugReporterOnCrash: 0, Is64bit: 1, IsPro: 0

 COMMAND LINE ARGUMENTS:
C:\Program Files\Unity\Hub\Editor\2020.2.7f1c1\Editor\Unity.exe
-adb2
-batchMode
-noUpm
-name
AssetImportWorker0
-projectPath
D:/UnityProject/yangtiao
-logFile
Logs/AssetImportWorker0.log
-srvPort
4935
Successfully changed project path to: D:/UnityProject/yangtiao
D:/UnityProject/yangtiao
Using Asset Import Pipeline V2.
Refreshing native plugins compatible for Editor in 22.11 ms, found 0 plugins.
Preloading 0 native plugins for Editor in 0.00 ms.
Initialize engine version: 2020.2.7f1c1 (90377d9151b9)
[Subsystems] Discovering subsystems at path C:/Program Files/Unity/Hub/Editor/2020.2.7f1c1/Editor/Data/Resources/UnitySubsystems
[Subsystems] Discovering subsystems at path D:/UnityProject/yangtiao/Assets
GfxDevice: creating device client; threaded=0
Direct3D:
    Version:  Direct3D 11.0 [level 11.1]
    Renderer: NVIDIA GeForce GTX 1660 Ti (ID=0x2182)
    Vendor:   
    VRAM:     5991 MB
    Driver:   27.21.14.5709
Initialize mono
Mono path[0] = 'C:/Program Files/Unity/Hub/Editor/2020.2.7f1c1/Editor/Data/Managed'
Mono path[1] = 'C:/Program Files/Unity/Hub/Editor/2020.2.7f1c1/Editor/Data/MonoBleedingEdge/lib/mono/unityjit'
Mono config path = 'C:/Program Files/Unity/Hub/Editor/2020.2.7f1c1/Editor/Data/MonoBleedingEdge/etc'
Using monoOptions --debugger-agent=transport=dt_socket,embedding=1,server=y,suspend=n,address=127.0.0.1:56544
Begin MonoManager ReloadAssembly
Registering precompiled unity dll's ...
Register platform support module: C:/Program Files/Unity/Hub/Editor/2020.2.7f1c1/Editor/Data/PlaybackEngines/WindowsStandaloneSupport/UnityEditor.WindowsStandalone.Extensions.dll
Registered in 0.001646 seconds.
Native extension for WindowsStandalone target not found
Refreshing native plugins compatible for Editor in 21.01 ms, found 0 plugins.
Preloading 0 native plugins for Editor in 0.00 ms.
Invoked RoslynAnalysisRunner static constructor.
RoslynAnalysisRunner will not be running.
RoslynAnalysisRunner has terminated.
Mono: successfully reloaded assembly
- Completed reload, in  0.808 seconds
Platform modules already initialized, skipping
Registering precompiled user dll's ...
Registered in 0.000442 seconds.
Begin MonoManager ReloadAssembly
Native extension for WindowsStandalone target not found
Refreshing native plugins compatible for Editor in 0.24 ms, found 0 plugins.
Preloading 0 native plugins for Editor in 0.00 ms.
Invoked RoslynAnalysisRunner static constructor.
RoslynAnalysisRunner will not be running.
RoslynAnalysisRunner has terminated.
Mono: successfully reloaded assembly
- Completed reload, in  0.834 seconds
Platform modules already initialized, skipping
========================================================================
Worker process is ready to serve import requests
Launched and connected shader compiler UnityShaderCompiler.exe after 0.04 seconds
Refreshing native plugins compatible for Editor in 0.19 ms, found 0 plugins.
Preloading 0 native plugins for Editor in 0.00 ms.
Unloading 1114 Unused Serialized files (Serialized files now loaded: 0)
System memory in use before: 57.4 MB.
System memory in use after: 57.5 MB.

Unloading 9 unused Assets to reduce memory usage. Loaded Objects now: 1559.
Total: 1.444600 ms (FindLiveObjects: 0.123700 ms CreateObjectMapping: 0.039300 ms MarkObjects: 1.221000 ms  DeleteObjects: 0.059400 ms)

========================================================================
Received Import Request.
  path: Assets/Yasuo.cs
  artifactKey: Guid(5d2fcf9d64895b94ab441ff021f9ef84) Importer(815301076,1909f56bfc062723c751e8b465ee728b)
Start importing Assets/Yasuo.cs using Guid(5d2fcf9d64895b94ab441ff021f9ef84) Importer(815301076,1909f56bfc062723c751e8b465ee728b)  -> (artifact id: '91da80f82d4ecfbb114e9ecca1e40ba0') in 0.034252 seconds
  Import took 0.035934 seconds .

========================================================================
Received Prepare
Registering precompiled user dll's ...
Registered in 0.000440 seconds.
Begin MonoManager ReloadAssembly
Native extension for WindowsStandalone target not found
Refreshing native plugins compatible for Editor in 0.19 ms, found 0 plugins.
Preloading 0 native plugins for Editor in 0.00 ms.
Invoked RoslynAnalysisRunner static constructor.
RoslynAnalysisRunner will not be running.
RoslynAnalysisRunner has terminated.
Mono: successfully reloaded assembly
- Completed reload, in  0.715 seconds
Platform modules already initialized, skipping
Refreshing native plugins compatible for Editor in 0.19 ms, found 0 plugins.
Preloading 0 native plugins for Editor in 0.00 ms.
Unloading 1108 Unused Serialized files (Serialized files now loaded: 0)
System memory in use before: 57.3 MB.
System memory in use after: 57.4 MB.

Unloading 4 unused Assets to reduce memory usage. Loaded Objects now: 1562.
Total: 1.544000 ms (FindLiveObjects: 0.124200 ms CreateObjectMapping: 0.035600 ms MarkObjects: 1.338300 ms  DeleteObjects: 0.044500 ms)

========================================================================
Received Import Request.
  Time since last request: 272.359514 seconds.
  path: Assets/Yasuo.cs
  artifactKey: Guid(5d2fcf9d64895b94ab441ff021f9ef84) Importer(815301076,1909f56bfc062723c751e8b465ee728b)
Start importing Assets/Yasuo.cs using Guid(5d2fcf9d64895b94ab441ff021f9ef84) Importer(815301076,1909f56bfc062723c751e8b465ee728b)  -> (artifact id: '7104c606238fe6eefc4caf708d2ec89f') in 0.003103 seconds
  Import took 0.004754 seconds .

========================================================================
Received Prepare
Registering precompiled user dll's ...
Registered in 0.000457 seconds.
Begin MonoManager ReloadAssembly
Native extension for WindowsStandalone target not found
Refreshing native plugins compatible for Editor in 0.19 ms, found 0 plugins.
Preloading 0 native plugins for Editor in 0.00 ms.
Invoked RoslynAnalysisRunner static constructor.
RoslynAnalysisRunner will not be running.
RoslynAnalysisRunner has terminated.
Mono: successfully reloaded assembly
- Completed reload, in  0.706 seconds
Platform modules already initialized, skipping
Refreshing native plugins compatible for Editor in 0.19 ms, found 0 plugins.
Preloading 0 native plugins for Editor in 0.00 ms.
Unloading 1108 Unused Serialized files (Serialized files now loaded: 0)
System memory in use before: 57.3 MB.
System memory in use after: 57.4 MB.

Unloading 4 unused Assets to reduce memory usage. Loaded Objects now: 1565.
Total: 1.397900 ms (FindLiveObjects: 0.108700 ms CreateObjectMapping: 0.029800 ms MarkObjects: 1.245100 ms  DeleteObjects: 0.013500 ms)

========================================================================
Received Import Request.
  Time since last request: 1189.441290 seconds.
  path: Assets/Yasuo.cs
  artifactKey: Guid(5d2fcf9d64895b94ab441ff021f9ef84) Importer(815301076,1909f56bfc062723c751e8b465ee728b)
Start importing Assets/Yasuo.cs using Guid(5d2fcf9d64895b94ab441ff021f9ef84) Importer(815301076,1909f56bfc062723c751e8b465ee728b)  -> (artifact id: '4ed9c3330dfe819920fe06cae7f67b9c') in 0.003005 seconds
  Import took 0.004590 seconds .

========================================================================
Received Prepare
Registering precompiled user dll's ...
Registered in 0.000437 seconds.
Begin MonoManager ReloadAssembly
Native extension for WindowsStandalone target not found
Refreshing native plugins compatible for Editor in 0.19 ms, found 0 plugins.
Preloading 0 native plugins for Editor in 0.00 ms.
Invoked RoslynAnalysisRunner static constructor.
RoslynAnalysisRunner will not be running.
RoslynAnalysisRunner has terminated.
Mono: successfully reloaded assembly
- Completed reload, in  0.703 seconds
Platform modules already initialized, skipping
Refreshing native plugins compatible for Editor in 0.18 ms, found 0 plugins.
Preloading 0 native plugins for Editor in 0.00 ms.
Unloading 1108 Unused Serialized files (Serialized files now loaded: 0)
System memory in use before: 57.3 MB.
System memory in use after: 57.4 MB.

Unloading 4 unused Assets to reduce memory usage. Loaded Objects now: 1568.
Total: 1.410400 ms (FindLiveObjects: 0.110000 ms CreateObjectMapping: 0.028500 ms MarkObjects: 1.259900 ms  DeleteObjects: 0.011300 ms)

========================================================================
Received Import Request.
  Time since last request: 22.238548 seconds.
  path: Assets/Yasuo.cs
  artifactKey: Guid(5d2fcf9d64895b94ab441ff021f9ef84) Importer(815301076,1909f56bfc062723c751e8b465ee728b)
Start importing Assets/Yasuo.cs using Guid(5d2fcf9d64895b94ab441ff021f9ef84) Importer(815301076,1909f56bfc062723c751e8b465ee728b)  -> (artifact id: 'ac376edcac62013d5b39bd5bc402ed5f') in 0.003090 seconds
  Import took 0.004615 seconds .

========================================================================
Received Import Request.
  Time since last request: 100.319779 seconds.
  path: Assets/PNG/big2048.png
  artifactKey: Guid(55ef45e46e216d147989b45243d154c2) Importer(815301076,1909f56bfc062723c751e8b465ee728b)
Start importing Assets/PNG/big2048.png using Guid(55ef45e46e216d147989b45243d154c2) Importer(815301076,1909f56bfc062723c751e8b465ee728b)  -> (artifact id: '293eccde33d52f6125bafc783ba45f77') in 0.110527 seconds
  Import took 0.112279 seconds .

========================================================================
Received Import Request.
  Time since last request: 0.000297 seconds.
  path: Assets/PNG/New Material.mat
  artifactKey: Guid(ea52572fda377704bbec6a4607d3fb9b) Importer(815301076,1909f56bfc062723c751e8b465ee728b)
Start importing Assets/PNG/New Material.mat using Guid(ea52572fda377704bbec6a4607d3fb9b) Importer(815301076,1909f56bfc062723c751e8b465ee728b)  -> (artifact id: '728e8bdd2d2e5aecf2d4e438db7115c1') in 0.066862 seconds
  Import took 0.068570 seconds .

========================================================================
Received Import Request.
  Time since last request: 0.000213 seconds.
  path: Assets/PNG/new.png
  artifactKey: Guid(6a3bcaf2e6d0c734aacf0020e1fe74ea) Importer(815301076,1909f56bfc062723c751e8b465ee728b)
Start importing Assets/PNG/new.png using Guid(6a3bcaf2e6d0c734aacf0020e1fe74ea) Importer(815301076,1909f56bfc062723c751e8b465ee728b)  -> (artifact id: '102153f4827186d834ca280ca94523d1') in 0.008425 seconds
  Import took 0.010070 seconds .

========================================================================
Received Prepare
Registering precompiled user dll's ...
Registered in 0.000395 seconds.
Begin MonoManager ReloadAssembly
Native extension for WindowsStandalone target not found
Refreshing native plugins compatible for Editor in 0.19 ms, found 0 plugins.
Preloading 0 native plugins for Editor in 0.00 ms.
Invoked RoslynAnalysisRunner static constructor.
RoslynAnalysisRunner will not be running.
RoslynAnalysisRunner has terminated.
Mono: successfully reloaded assembly
- Completed reload, in  0.665 seconds
Platform modules already initialized, skipping
Refreshing native plugins compatible for Editor in 0.18 ms, found 0 plugins.
Preloading 0 native plugins for Editor in 0.00 ms.
Unloading 1108 Unused Serialized files (Serialized files now loaded: 0)
System memory in use before: 60.7 MB.
System memory in use after: 60.8 MB.

Unloading 4 unused Assets to reduce memory usage. Loaded Objects now: 1612.
Total: 1.451500 ms (FindLiveObjects: 0.114500 ms CreateObjectMapping: 0.031900 ms MarkObjects: 1.292500 ms  DeleteObjects: 0.011900 ms)

========================================================================
Received Import Request.
  Time since last request: 253.297492 seconds.
  path: Assets/PNG/big2048.png
  artifactKey: Guid(55ef45e46e216d147989b45243d154c2) Importer(815301076,1909f56bfc062723c751e8b465ee728b)
Start importing Assets/PNG/big2048.png using Guid(55ef45e46e216d147989b45243d154c2) Importer(815301076,1909f56bfc062723c751e8b465ee728b)  -> (artifact id: 'b6c2335c7ab2d77db4539ae960f89b6e') in 0.032889 seconds
  Import took 0.034704 seconds .

========================================================================
Received Import Request.
  Time since last request: 52.376016 seconds.
  path: Assets/PNG/big2048.png
  artifactKey: Guid(55ef45e46e216d147989b45243d154c2) Importer(815301076,1909f56bfc062723c751e8b465ee728b)
Start importing Assets/PNG/big2048.png using Guid(55ef45e46e216d147989b45243d154c2) Importer(815301076,1909f56bfc062723c751e8b465ee728b)  -> (artifact id: '00b6d73f87df6c27175498a8531016f5') in 0.078108 seconds
  Import took 0.080816 seconds .

========================================================================
Received Prepare
Registering precompiled user dll's ...
Registered in 0.000413 seconds.
Begin MonoManager ReloadAssembly
Native extension for WindowsStandalone target not found
Refreshing native plugins compatible for Editor in 0.19 ms, found 0 plugins.
Preloading 0 native plugins for Editor in 0.00 ms.
Invoked RoslynAnalysisRunner static constructor.
RoslynAnalysisRunner will not be running.
RoslynAnalysisRunner has terminated.
Mono: successfully reloaded assembly
- Completed reload, in  0.675 seconds
Platform modules already initialized, skipping
Refreshing native plugins compatible for Editor in 0.18 ms, found 0 plugins.
Preloading 0 native plugins for Editor in 0.00 ms.
Unloading 1108 Unused Serialized files (Serialized files now loaded: 0)
System memory in use before: 60.7 MB.
System memory in use after: 60.8 MB.

Unloading 4 unused Assets to reduce memory usage. Loaded Objects now: 1615.
Total: 1.459900 ms (FindLiveObjects: 0.110300 ms CreateObjectMapping: 0.032400 ms MarkObjects: 1.303500 ms  DeleteObjects: 0.012800 ms)

========================================================================
Received Prepare
Registering precompiled user dll's ...
Registered in 0.000414 seconds.
Begin MonoManager ReloadAssembly
Native extension for WindowsStandalone target not found
Refreshing native plugins compatible for Editor in 0.19 ms, found 0 plugins.
Preloading 0 native plugins for Editor in 0.00 ms.
Invoked RoslynAnalysisRunner static constructor.
RoslynAnalysisRunner will not be running.
RoslynAnalysisRunner has terminated.
Mono: successfully reloaded assembly
- Completed reload, in  0.673 seconds
Platform modules already initialized, skipping
Refreshing native plugins compatible for Editor in 0.20 ms, found 0 plugins.
Preloading 0 native plugins for Editor in 0.00 ms.
Unloading 1108 Unused Serialized files (Serialized files now loaded: 0)
System memory in use before: 60.7 MB.
System memory in use after: 60.8 MB.

Unloading 4 unused Assets to reduce memory usage. Loaded Objects now: 1618.
Total: 1.515700 ms (FindLiveObjects: 0.128300 ms CreateObjectMapping: 0.035800 ms MarkObjects: 1.335300 ms  DeleteObjects: 0.015000 ms)

========================================================================
Received Prepare
Registering precompiled user dll's ...
Registered in 0.000406 seconds.
Begin MonoManager ReloadAssembly
Native extension for WindowsStandalone target not found
Refreshing native plugins compatible for Editor in 0.19 ms, found 0 plugins.
Preloading 0 native plugins for Editor in 0.00 ms.
Invoked RoslynAnalysisRunner static constructor.
RoslynAnalysisRunner will not be running.
RoslynAnalysisRunner has terminated.
Mono: successfully reloaded assembly
- Completed reload, in  0.675 seconds
Platform modules already initialized, skipping
Refreshing native plugins compatible for Editor in 0.18 ms, found 0 plugins.
Preloading 0 native plugins for Editor in 0.00 ms.
Unloading 1108 Unused Serialized files (Serialized files now loaded: 0)
System memory in use before: 60.7 MB.
System memory in use after: 60.8 MB.

Unloading 4 unused Assets to reduce memory usage. Loaded Objects now: 1621.
Total: 1.582300 ms (FindLiveObjects: 0.194900 ms CreateObjectMapping: 0.044900 ms MarkObjects: 1.325400 ms  DeleteObjects: 0.016200 ms)

========================================================================
Received Import Request.
  Time since last request: 563.122097 seconds.
  path: Assets/PNG/big2048.png
  artifactKey: Guid(55ef45e46e216d147989b45243d154c2) Importer(815301076,1909f56bfc062723c751e8b465ee728b)
Start importing Assets/PNG/big2048.png using Guid(55ef45e46e216d147989b45243d154c2) Importer(815301076,1909f56bfc062723c751e8b465ee728b)  -> (artifact id: 'b00d720006b6e0212065c215bbf52f8a') in 0.043095 seconds
  Import took 0.046068 seconds .

========================================================================
Received Import Request.
  Time since last request: 120.525871 seconds.
  path: Assets/PNG/7512663.jpg
  artifactKey: Guid(c317703ea8e09654b90ae3d6b53757be) Importer(815301076,1909f56bfc062723c751e8b465ee728b)
Start importing Assets/PNG/7512663.jpg using Guid(c317703ea8e09654b90ae3d6b53757be) Importer(815301076,1909f56bfc062723c751e8b465ee728b)  -> (artifact id: '6a108db59b79922c5480ca1d463c4d6b') in 0.023241 seconds
  Import took 0.025352 seconds .

========================================================================
Received Import Request.
  Time since last request: 15.774434 seconds.
  path: Assets/PNG/7512663.jpg
  artifactKey: Guid(c317703ea8e09654b90ae3d6b53757be) Importer(815301076,1909f56bfc062723c751e8b465ee728b)
Start importing Assets/PNG/7512663.jpg using Guid(c317703ea8e09654b90ae3d6b53757be) Importer(815301076,1909f56bfc062723c751e8b465ee728b)  -> (artifact id: 'e60c2d1851b9150ba7d27880833b5057') in 0.007338 seconds
  Import took 0.009325 seconds .

========================================================================
Received Import Request.
  Time since last request: 0.003892 seconds.
  path: Assets/PNG/7512663.jpg
  artifactKey: Guid(c317703ea8e09654b90ae3d6b53757be) Importer(815301076,1909f56bfc062723c751e8b465ee728b)
Start importing Assets/PNG/7512663.jpg using Guid(c317703ea8e09654b90ae3d6b53757be) Importer(815301076,1909f56bfc062723c751e8b465ee728b)  -> (artifact id: 'e60c2d1851b9150ba7d27880833b5057') in 0.007581 seconds
  Import took 0.009834 seconds .

========================================================================
Received Import Request.
  Time since last request: 40.680838 seconds.
  path: Assets/PNG/big2048.png
  artifactKey: Guid(55ef45e46e216d147989b45243d154c2) Importer(815301076,1909f56bfc062723c751e8b465ee728b)
Start importing Assets/PNG/big2048.png using Guid(55ef45e46e216d147989b45243d154c2) Importer(815301076,1909f56bfc062723c751e8b465ee728b)  -> (artifact id: 'd131e6e948f581f93e43fbf37b9b470d') in 0.029843 seconds
  Import took 0.032584 seconds .

========================================================================
Received Prepare
Registering precompiled user dll's ...
Registered in 0.000419 seconds.
Begin MonoManager ReloadAssembly
Native extension for WindowsStandalone target not found
Refreshing native plugins compatible for Editor in 0.19 ms, found 0 plugins.
Preloading 0 native plugins for Editor in 0.00 ms.
Invoked RoslynAnalysisRunner static constructor.
RoslynAnalysisRunner will not be running.
RoslynAnalysisRunner has terminated.
Mono: successfully reloaded assembly
- Completed reload, in  0.682 seconds
Platform modules already initialized, skipping
Refreshing native plugins compatible for Editor in 0.20 ms, found 0 plugins.
Preloading 0 native plugins for Editor in 0.00 ms.
Unloading 1108 Unused Serialized files (Serialized files now loaded: 0)
System memory in use before: 60.7 MB.
System memory in use after: 60.8 MB.

Unloading 4 unused Assets to reduce memory usage. Loaded Objects now: 1624.
Total: 1.602600 ms (FindLiveObjects: 0.133200 ms CreateObjectMapping: 0.036800 ms MarkObjects: 1.406400 ms  DeleteObjects: 0.024500 ms)

========================================================================
Received Import Request.
  Time since last request: 273.689279 seconds.
  path: Assets/PNG/new.png
  artifactKey: Guid(6a3bcaf2e6d0c734aacf0020e1fe74ea) Importer(815301076,1909f56bfc062723c751e8b465ee728b)
Start importing Assets/PNG/new.png using Guid(6a3bcaf2e6d0c734aacf0020e1fe74ea) Importer(815301076,1909f56bfc062723c751e8b465ee728b)  -> (artifact id: '26c5c07cd7a7a73998186334e43dd011') in 0.043853 seconds
  Import took 0.045885 seconds .

========================================================================
Received Import Request.
  Time since last request: 36.614335 seconds.
  path: Assets/PNG/new.png
  artifactKey: Guid(6a3bcaf2e6d0c734aacf0020e1fe74ea) Importer(815301076,1909f56bfc062723c751e8b465ee728b)
Start importing Assets/PNG/new.png using Guid(6a3bcaf2e6d0c734aacf0020e1fe74ea) Importer(815301076,1909f56bfc062723c751e8b465ee728b)  -> (artifact id: 'ea8e3eeb2ab51484e495169fd49e6f56') in 0.009732 seconds
  Import took 0.011743 seconds .

========================================================================
Received Prepare
Registering precompiled user dll's ...
Registered in 0.000404 seconds.
Begin MonoManager ReloadAssembly
Native extension for WindowsStandalone target not found
Refreshing native plugins compatible for Editor in 0.19 ms, found 0 plugins.
Preloading 0 native plugins for Editor in 0.00 ms.
Invoked RoslynAnalysisRunner static constructor.
RoslynAnalysisRunner will not be running.
RoslynAnalysisRunner has terminated.
Mono: successfully reloaded assembly
- Completed reload, in  0.671 seconds
Platform modules already initialized, skipping
Refreshing native plugins compatible for Editor in 0.18 ms, found 0 plugins.
Preloading 0 native plugins for Editor in 0.00 ms.
Unloading 1108 Unused Serialized files (Serialized files now loaded: 0)
System memory in use before: 60.7 MB.
System memory in use after: 60.8 MB.

Unloading 4 unused Assets to reduce memory usage. Loaded Objects now: 1627.
Total: 1.438000 ms (FindLiveObjects: 0.111500 ms CreateObjectMapping: 0.030800 ms MarkObjects: 1.283100 ms  DeleteObjects: 0.012000 ms)

========================================================================
Received Import Request.
  Time since last request: 31.891405 seconds.
  path: Assets/PNG/new.png
  artifactKey: Guid(6a3bcaf2e6d0c734aacf0020e1fe74ea) Importer(815301076,1909f56bfc062723c751e8b465ee728b)
Start importing Assets/PNG/new.png using Guid(6a3bcaf2e6d0c734aacf0020e1fe74ea) Importer(815301076,1909f56bfc062723c751e8b465ee728b)  -> (artifact id: 'fc0a9ee9f8f2ad9b1af99eb1383cd9a7') in 0.034762 seconds
  Import took 0.036647 seconds .

========================================================================
Received Prepare
Registering precompiled user dll's ...
Registered in 0.000425 seconds.
Begin MonoManager ReloadAssembly
Native extension for WindowsStandalone target not found
Refreshing native plugins compatible for Editor in 0.19 ms, found 0 plugins.
Preloading 0 native plugins for Editor in 0.00 ms.
Invoked RoslynAnalysisRunner static constructor.
RoslynAnalysisRunner will not be running.
RoslynAnalysisRunner has terminated.
Mono: successfully reloaded assembly
- Completed reload, in  0.680 seconds
Platform modules already initialized, skipping
Refreshing native plugins compatible for Editor in 0.18 ms, found 0 plugins.
Preloading 0 native plugins for Editor in 0.00 ms.
Unloading 1108 Unused Serialized files (Serialized files now loaded: 0)
System memory in use before: 60.7 MB.
System memory in use after: 60.8 MB.

Unloading 4 unused Assets to reduce memory usage. Loaded Objects now: 1630.
Total: 1.499100 ms (FindLiveObjects: 0.117500 ms CreateObjectMapping: 0.033600 ms MarkObjects: 1.332900 ms  DeleteObjects: 0.014400 ms)

========================================================================
Received Import Request.
  Time since last request: 24.971772 seconds.
  path: Assets/PNG/new.png
  artifactKey: Guid(6a3bcaf2e6d0c734aacf0020e1fe74ea) Importer(815301076,1909f56bfc062723c751e8b465ee728b)
Start importing Assets/PNG/new.png using Guid(6a3bcaf2e6d0c734aacf0020e1fe74ea) Importer(815301076,1909f56bfc062723c751e8b465ee728b)  -> (artifact id: '41c517a71ec048f9ef2ff9685f8eb3e7') in 0.035542 seconds
  Import took 0.037477 seconds .

========================================================================
Received Prepare
Registering precompiled user dll's ...
Registered in 0.000449 seconds.
Begin MonoManager ReloadAssembly
Native extension for WindowsStandalone target not found
Refreshing native plugins compatible for Editor in 0.19 ms, found 0 plugins.
Preloading 0 native plugins for Editor in 0.00 ms.
Invoked RoslynAnalysisRunner static constructor.
RoslynAnalysisRunner will not be running.
RoslynAnalysisRunner has terminated.
Mono: successfully reloaded assembly
- Completed reload, in  0.685 seconds
Platform modules already initialized, skipping
Refreshing native plugins compatible for Editor in 0.18 ms, found 0 plugins.
Preloading 0 native plugins for Editor in 0.00 ms.
Unloading 1108 Unused Serialized files (Serialized files now loaded: 0)
System memory in use before: 60.7 MB.
System memory in use after: 60.8 MB.

Unloading 4 unused Assets to reduce memory usage. Loaded Objects now: 1633.
Total: 1.472100 ms (FindLiveObjects: 0.121600 ms CreateObjectMapping: 0.033300 ms MarkObjects: 1.303300 ms  DeleteObjects: 0.012900 ms)

========================================================================
Received Import Request.
  Time since last request: 2500.627831 seconds.
  path: Assets/PNG/new.png
  artifactKey: Guid(6a3bcaf2e6d0c734aacf0020e1fe74ea) Importer(815301076,1909f56bfc062723c751e8b465ee728b)
Start importing Assets/PNG/new.png using Guid(6a3bcaf2e6d0c734aacf0020e1fe74ea) Importer(815301076,1909f56bfc062723c751e8b465ee728b)  -> (artifact id: 'bd1ce6df33de7c96620e6325d5942ca6') in 0.051619 seconds
  Import took 0.053620 seconds .

========================================================================
Received Prepare
Registering precompiled user dll's ...
Registered in 0.000431 seconds.
Begin MonoManager ReloadAssembly
Native extension for WindowsStandalone target not found
Refreshing native plugins compatible for Editor in 0.19 ms, found 0 plugins.
Preloading 0 native plugins for Editor in 0.00 ms.
Invoked RoslynAnalysisRunner static constructor.
RoslynAnalysisRunner will not be running.
RoslynAnalysisRunner has terminated.
Mono: successfully reloaded assembly
- Completed reload, in  0.674 seconds
Platform modules already initialized, skipping
Refreshing native plugins compatible for Editor in 0.19 ms, found 0 plugins.
Preloading 0 native plugins for Editor in 0.00 ms.
Unloading 1108 Unused Serialized files (Serialized files now loaded: 0)
System memory in use before: 60.7 MB.
System memory in use after: 60.8 MB.

Unloading 4 unused Assets to reduce memory usage. Loaded Objects now: 1636.
Total: 1.467600 ms (FindLiveObjects: 0.118200 ms CreateObjectMapping: 0.032800 ms MarkObjects: 1.304700 ms  DeleteObjects: 0.011200 ms)

========================================================================
Received Prepare
Registering precompiled user dll's ...
Registered in 0.000446 seconds.
Begin MonoManager ReloadAssembly
Native extension for WindowsStandalone target not found
Refreshing native plugins compatible for Editor in 0.19 ms, found 0 plugins.
Preloading 0 native plugins for Editor in 0.00 ms.
Invoked RoslynAnalysisRunner static constructor.
RoslynAnalysisRunner will not be running.
RoslynAnalysisRunner has terminated.
Mono: successfully reloaded assembly
- Completed reload, in  0.685 seconds
Platform modules already initialized, skipping
Refreshing native plugins compatible for Editor in 0.18 ms, found 0 plugins.
Preloading 0 native plugins for Editor in 0.00 ms.
Unloading 1108 Unused Serialized files (Serialized files now loaded: 0)
System memory in use before: 60.7 MB.
System memory in use after: 60.8 MB.

Unloading 4 unused Assets to reduce memory usage. Loaded Objects now: 1639.
Total: 1.358100 ms (FindLiveObjects: 0.130000 ms CreateObjectMapping: 0.035200 ms MarkObjects: 1.180100 ms  DeleteObjects: 0.011900 ms)

========================================================================
Received Import Request.
  Time since last request: 77.460232 seconds.
  path: Assets/PNG/mybilinear.png
  artifactKey: Guid(530b6b75964c6f94f8a56ed0ccdc732c) Importer(815301076,1909f56bfc062723c751e8b465ee728b)
Start importing Assets/PNG/mybilinear.png using Guid(530b6b75964c6f94f8a56ed0ccdc732c) Importer(815301076,1909f56bfc062723c751e8b465ee728b)  -> (artifact id: '4d217d99185e04084ac3e2e6be622bbc') in 0.033542 seconds
  Import took 0.035603 seconds .

========================================================================
Received Import Request.
  Time since last request: 68.916714 seconds.
  path: Assets/PNG/mybilinear.png
  artifactKey: Guid(530b6b75964c6f94f8a56ed0ccdc732c) Importer(815301076,1909f56bfc062723c751e8b465ee728b)
Start importing Assets/PNG/mybilinear.png using Guid(530b6b75964c6f94f8a56ed0ccdc732c) Importer(815301076,1909f56bfc062723c751e8b465ee728b)  -> (artifact id: '17021fcf73ac8ee9d015f687c203b9a9') in 0.023840 seconds
  Import took 0.025880 seconds .

========================================================================
Received Import Request.
  Time since last request: 115.407971 seconds.
  path: Assets/PNG/source.tga
  artifactKey: Guid(a83a38d03a97390429e2b3f9d77a8921) Importer(815301076,1909f56bfc062723c751e8b465ee728b)
Start importing Assets/PNG/source.tga using Guid(a83a38d03a97390429e2b3f9d77a8921) Importer(815301076,1909f56bfc062723c751e8b465ee728b)  -> (artifact id: 'e58343391e6bcb082ffd3cc4b53f3c73') in 0.053744 seconds
  Import took 0.055734 seconds .

========================================================================
Received Import Request.
  Time since last request: 0.000187 seconds.
  path: Assets/PNG/big2048.png
  artifactKey: Guid(55ef45e46e216d147989b45243d154c2) Importer(815301076,1909f56bfc062723c751e8b465ee728b)
Start importing Assets/PNG/big2048.png using Guid(55ef45e46e216d147989b45243d154c2) Importer(815301076,1909f56bfc062723c751e8b465ee728b)  -> (artifact id: 'd09b6a174bba4a0282180ed2c4237fd8') in 0.111832 seconds
  Import took 0.114184 seconds .

========================================================================
Received Import Request.
  Time since last request: 0.000225 seconds.
  path: Assets/PNG/7512663.jpg
  artifactKey: Guid(c317703ea8e09654b90ae3d6b53757be) Importer(815301076,1909f56bfc062723c751e8b465ee728b)
Start importing Assets/PNG/7512663.jpg using Guid(c317703ea8e09654b90ae3d6b53757be) Importer(815301076,1909f56bfc062723c751e8b465ee728b)  -> (artifact id: '566f32a1bc910889bc5eebee05b1e00b') in 0.007941 seconds
  Import took 0.009642 seconds .

========================================================================
Received Import Request.
  Time since last request: 0.000200 seconds.
  path: Assets/PNG/new.png
  artifactKey: Guid(6a3bcaf2e6d0c734aacf0020e1fe74ea) Importer(815301076,1909f56bfc062723c751e8b465ee728b)
Start importing Assets/PNG/new.png using Guid(6a3bcaf2e6d0c734aacf0020e1fe74ea) Importer(815301076,1909f56bfc062723c751e8b465ee728b)  -> (artifact id: '8fa947593e7c4e5a0cf4d3c67e1620ef') in 0.004585 seconds
  Import took 0.006314 seconds .

========================================================================
Received Import Request.
  Time since last request: 0.000220 seconds.
  path: Assets/PNG/mybilinear.png
  artifactKey: Guid(530b6b75964c6f94f8a56ed0ccdc732c) Importer(815301076,1909f56bfc062723c751e8b465ee728b)
Start importing Assets/PNG/mybilinear.png using Guid(530b6b75964c6f94f8a56ed0ccdc732c) Importer(815301076,1909f56bfc062723c751e8b465ee728b)  -> (artifact id: 'e2bae13a678f37731edcc984e095976f') in 0.006152 seconds
  Import took 0.007862 seconds .

========================================================================
Received Import Request.
  Time since last request: 0.000245 seconds.
  path: Assets/PNG/MAY_base.png
  artifactKey: Guid(63156593a20c53a4fa11062fd70fd52d) Importer(815301076,1909f56bfc062723c751e8b465ee728b)
Start importing Assets/PNG/MAY_base.png using Guid(63156593a20c53a4fa11062fd70fd52d) Importer(815301076,1909f56bfc062723c751e8b465ee728b)  -> (artifact id: '2bda04fbd28995c4e568cbdf4d1e7c1f') in 0.005317 seconds
  Import took 0.007037 seconds .

========================================================================
Received Import Request.
  Time since last request: 0.003372 seconds.
  path: Assets/PNG/mybilinear.png
  artifactKey: Guid(530b6b75964c6f94f8a56ed0ccdc732c) Importer(815301076,1909f56bfc062723c751e8b465ee728b)
Start importing Assets/PNG/mybilinear.png using Guid(530b6b75964c6f94f8a56ed0ccdc732c) Importer(815301076,1909f56bfc062723c751e8b465ee728b)  -> (artifact id: 'e2bae13a678f37731edcc984e095976f') in 0.005918 seconds
  Import took 0.007783 seconds .

========================================================================
Received Prepare
Registering precompiled user dll's ...
Registered in 0.000425 seconds.
Begin MonoManager ReloadAssembly
Native extension for WindowsStandalone target not found
Refreshing native plugins compatible for Editor in 0.19 ms, found 0 plugins.
Preloading 0 native plugins for Editor in 0.00 ms.
Invoked RoslynAnalysisRunner static constructor.
RoslynAnalysisRunner will not be running.
RoslynAnalysisRunner has terminated.
Mono: successfully reloaded assembly
- Completed reload, in  0.672 seconds
Platform modules already initialized, skipping
Refreshing native plugins compatible for Editor in 0.20 ms, found 0 plugins.
Preloading 0 native plugins for Editor in 0.00 ms.
Unloading 1108 Unused Serialized files (Serialized files now loaded: 0)
System memory in use before: 60.7 MB.
System memory in use after: 60.8 MB.

Unloading 4 unused Assets to reduce memory usage. Loaded Objects now: 1642.
Total: 1.488200 ms (FindLiveObjects: 0.112200 ms CreateObjectMapping: 0.029500 ms MarkObjects: 1.333300 ms  DeleteObjects: 0.012000 ms)

========================================================================
Received Prepare
Registering precompiled user dll's ...
Registered in 0.000411 seconds.
Begin MonoManager ReloadAssembly
Native extension for WindowsStandalone target not found
Refreshing native plugins compatible for Editor in 0.20 ms, found 0 plugins.
Preloading 0 native plugins for Editor in 0.00 ms.
Invoked RoslynAnalysisRunner static constructor.
RoslynAnalysisRunner will not be running.
RoslynAnalysisRunner has terminated.
Mono: successfully reloaded assembly
- Completed reload, in  0.671 seconds
Platform modules already initialized, skipping
Refreshing native plugins compatible for Editor in 0.19 ms, found 0 plugins.
Preloading 0 native plugins for Editor in 0.00 ms.
Unloading 1108 Unused Serialized files (Serialized files now loaded: 0)
System memory in use before: 60.8 MB.
System memory in use after: 60.9 MB.

Unloading 4 unused Assets to reduce memory usage. Loaded Objects now: 1645.
Total: 1.454300 ms (FindLiveObjects: 0.122900 ms CreateObjectMapping: 0.035400 ms MarkObjects: 1.281500 ms  DeleteObjects: 0.013800 ms)

========================================================================
Received Import Request.
  Time since last request: 307.335763 seconds.
  path: Assets/PNG/big2048.png
  artifactKey: Guid(55ef45e46e216d147989b45243d154c2) Importer(815301076,1909f56bfc062723c751e8b465ee728b)
Start importing Assets/PNG/big2048.png using Guid(55ef45e46e216d147989b45243d154c2) Importer(815301076,1909f56bfc062723c751e8b465ee728b)  -> (artifact id: '51c00a02314c282331cc7fc730931b64') in 0.057321 seconds
  Import took 0.060143 seconds .

========================================================================
Received Prepare
Registering precompiled user dll's ...
Registered in 0.000445 seconds.
Begin MonoManager ReloadAssembly
Native extension for WindowsStandalone target not found
Refreshing native plugins compatible for Editor in 0.20 ms, found 0 plugins.
Preloading 0 native plugins for Editor in 0.00 ms.
Invoked RoslynAnalysisRunner static constructor.
RoslynAnalysisRunner will not be running.
RoslynAnalysisRunner has terminated.
Mono: successfully reloaded assembly
- Completed reload, in  0.672 seconds
Platform modules already initialized, skipping
Refreshing native plugins compatible for Editor in 0.19 ms, found 0 plugins.
Preloading 0 native plugins for Editor in 0.00 ms.
Unloading 1108 Unused Serialized files (Serialized files now loaded: 0)
System memory in use before: 60.8 MB.
System memory in use after: 60.9 MB.

Unloading 4 unused Assets to reduce memory usage. Loaded Objects now: 1648.
Total: 1.474200 ms (FindLiveObjects: 0.123600 ms CreateObjectMapping: 0.033200 ms MarkObjects: 1.303700 ms  DeleteObjects: 0.012400 ms)

========================================================================
Received Import Request.
  Time since last request: 115.729053 seconds.
  path: Assets/PNG/big2048.png
  artifactKey: Guid(55ef45e46e216d147989b45243d154c2) Importer(815301076,1909f56bfc062723c751e8b465ee728b)
Start importing Assets/PNG/big2048.png using Guid(55ef45e46e216d147989b45243d154c2) Importer(815301076,1909f56bfc062723c751e8b465ee728b)  -> (artifact id: '144007a6af60dd916c2d84ab8113d60f') in 0.054338 seconds
  Import took 0.057060 seconds .

========================================================================
Received Prepare
Registering precompiled user dll's ...
Registered in 0.000406 seconds.
Begin MonoManager ReloadAssembly
Native extension for WindowsStandalone target not found
Refreshing native plugins compatible for Editor in 0.22 ms, found 0 plugins.
Preloading 0 native plugins for Editor in 0.00 ms.
Invoked RoslynAnalysisRunner static constructor.
RoslynAnalysisRunner will not be running.
RoslynAnalysisRunner has terminated.
Mono: successfully reloaded assembly
- Completed reload, in  0.670 seconds
Platform modules already initialized, skipping
Refreshing native plugins compatible for Editor in 0.18 ms, found 0 plugins.
Preloading 0 native plugins for Editor in 0.00 ms.
Unloading 1108 Unused Serialized files (Serialized files now loaded: 0)
System memory in use before: 60.8 MB.
System memory in use after: 60.9 MB.

Unloading 4 unused Assets to reduce memory usage. Loaded Objects now: 1651.
Total: 1.470100 ms (FindLiveObjects: 0.113900 ms CreateObjectMapping: 0.030600 ms MarkObjects: 1.313100 ms  DeleteObjects: 0.011900 ms)

========================================================================
Received Import Request.
  Time since last request: 313.160713 seconds.
  path: Assets/PNG/new.png
  artifactKey: Guid(6a3bcaf2e6d0c734aacf0020e1fe74ea) Importer(815301076,1909f56bfc062723c751e8b465ee728b)
Start importing Assets/PNG/new.png using Guid(6a3bcaf2e6d0c734aacf0020e1fe74ea) Importer(815301076,1909f56bfc062723c751e8b465ee728b)  -> (artifact id: '71b9bc157742eba5fe5b753bfc3d53bd') in 0.033780 seconds
  Import took 0.035756 seconds .

========================================================================
Received Import Request.
  Time since last request: 47.704607 seconds.
  path: Assets/PNG/new.png
  artifactKey: Guid(6a3bcaf2e6d0c734aacf0020e1fe74ea) Importer(815301076,1909f56bfc062723c751e8b465ee728b)
Start importing Assets/PNG/new.png using Guid(6a3bcaf2e6d0c734aacf0020e1fe74ea) Importer(815301076,1909f56bfc062723c751e8b465ee728b)  -> (artifact id: '3b2357a7d2ef8c5d5cdd1fff1c3c6049') in 0.026561 seconds
  Import took 0.028369 seconds .

========================================================================
Received Prepare
Registering precompiled user dll's ...
Registered in 0.000436 seconds.
Begin MonoManager ReloadAssembly
Native extension for WindowsStandalone target not found
Refreshing native plugins compatible for Editor in 0.19 ms, found 0 plugins.
Preloading 0 native plugins for Editor in 0.00 ms.
Invoked RoslynAnalysisRunner static constructor.
RoslynAnalysisRunner will not be running.
RoslynAnalysisRunner has terminated.
Mono: successfully reloaded assembly
- Completed reload, in  0.675 seconds
Platform modules already initialized, skipping
Refreshing native plugins compatible for Editor in 0.19 ms, found 0 plugins.
Preloading 0 native plugins for Editor in 0.00 ms.
Unloading 1108 Unused Serialized files (Serialized files now loaded: 0)
System memory in use before: 60.8 MB.
System memory in use after: 60.9 MB.

Unloading 4 unused Assets to reduce memory usage. Loaded Objects now: 1654.
Total: 1.575600 ms (FindLiveObjects: 0.128300 ms CreateObjectMapping: 0.033900 ms MarkObjects: 1.399100 ms  DeleteObjects: 0.013300 ms)

========================================================================
Received Import Request.
  Time since last request: 271.538476 seconds.
  path: Assets/PNG/new.png
  artifactKey: Guid(6a3bcaf2e6d0c734aacf0020e1fe74ea) Importer(815301076,1909f56bfc062723c751e8b465ee728b)
Start importing Assets/PNG/new.png using Guid(6a3bcaf2e6d0c734aacf0020e1fe74ea) Importer(815301076,1909f56bfc062723c751e8b465ee728b)  -> (artifact id: '43960c3dc51add19f0739454b9183dfd') in 0.032265 seconds
  Import took 0.034354 seconds .

========================================================================
Received Import Request.
  Time since last request: 37.688857 seconds.
  path: Assets/PNG/big2048.png
  artifactKey: Guid(55ef45e46e216d147989b45243d154c2) Importer(815301076,1909f56bfc062723c751e8b465ee728b)
Start importing Assets/PNG/big2048.png using Guid(55ef45e46e216d147989b45243d154c2) Importer(815301076,1909f56bfc062723c751e8b465ee728b)  -> (artifact id: '3fa432a1c15cf50ee8ed54072ff5ffea') in 0.023607 seconds
  Import took 0.026439 seconds .

========================================================================
Received Import Request.
  Time since last request: 41.872582 seconds.
  path: Assets/PNG/big2048.png
  artifactKey: Guid(55ef45e46e216d147989b45243d154c2) Importer(815301076,1909f56bfc062723c751e8b465ee728b)
Start importing Assets/PNG/big2048.png using Guid(55ef45e46e216d147989b45243d154c2) Importer(815301076,1909f56bfc062723c751e8b465ee728b)  -> (artifact id: '02c5293616b50e0b13c44287eb06222c') in 0.058262 seconds
  Import took 0.061101 seconds .

========================================================================
Received Prepare
Registering precompiled user dll's ...
Registered in 0.000438 seconds.
Begin MonoManager ReloadAssembly
Native extension for WindowsStandalone target not found
Refreshing native plugins compatible for Editor in 0.20 ms, found 0 plugins.
Preloading 0 native plugins for Editor in 0.00 ms.
Invoked RoslynAnalysisRunner static constructor.
RoslynAnalysisRunner will not be running.
RoslynAnalysisRunner has terminated.
Mono: successfully reloaded assembly
- Completed reload, in  0.664 seconds
Platform modules already initialized, skipping
Refreshing native plugins compatible for Editor in 0.19 ms, found 0 plugins.
Preloading 0 native plugins for Editor in 0.00 ms.
Unloading 1108 Unused Serialized files (Serialized files now loaded: 0)
System memory in use before: 60.8 MB.
System memory in use after: 60.9 MB.

Unloading 4 unused Assets to reduce memory usage. Loaded Objects now: 1657.
Total: 1.521100 ms (FindLiveObjects: 0.127300 ms CreateObjectMapping: 0.033400 ms MarkObjects: 1.344900 ms  DeleteObjects: 0.014400 ms)

========================================================================
Received Prepare
Registering precompiled user dll's ...
Registered in 0.000881 seconds.
Begin MonoManager ReloadAssembly
Native extension for WindowsStandalone target not found
Refreshing native plugins compatible for Editor in 0.22 ms, found 0 plugins.
Preloading 0 native plugins for Editor in 0.00 ms.
Invoked RoslynAnalysisRunner static constructor.
RoslynAnalysisRunner will not be running.
RoslynAnalysisRunner has terminated.
Mono: successfully reloaded assembly
- Completed reload, in  0.714 seconds
Platform modules already initialized, skipping
Refreshing native plugins compatible for Editor in 0.19 ms, found 0 plugins.
Preloading 0 native plugins for Editor in 0.00 ms.
Unloading 1108 Unused Serialized files (Serialized files now loaded: 0)
System memory in use before: 60.8 MB.
System memory in use after: 60.9 MB.

Unloading 4 unused Assets to reduce memory usage. Loaded Objects now: 1660.
Total: 1.490700 ms (FindLiveObjects: 0.135000 ms CreateObjectMapping: 0.040900 ms MarkObjects: 1.301600 ms  DeleteObjects: 0.012300 ms)

========================================================================
Received Import Request.
  Time since last request: 1890.971830 seconds.
  path: Assets/PNG/mybilinear.png
  artifactKey: Guid(530b6b75964c6f94f8a56ed0ccdc732c) Importer(815301076,1909f56bfc062723c751e8b465ee728b)
Start importing Assets/PNG/mybilinear.png using Guid(530b6b75964c6f94f8a56ed0ccdc732c) Importer(815301076,1909f56bfc062723c751e8b465ee728b)  -> (artifact id: '48630df6b68f45fcfbba8f362d1d637b') in 0.040282 seconds
  Import took 0.042222 seconds .

========================================================================
Received Import Request.
  Time since last request: 0.000235 seconds.
  path: Assets/PNG/new.png
  artifactKey: Guid(6a3bcaf2e6d0c734aacf0020e1fe74ea) Importer(815301076,1909f56bfc062723c751e8b465ee728b)
Start importing Assets/PNG/new.png using Guid(6a3bcaf2e6d0c734aacf0020e1fe74ea) Importer(815301076,1909f56bfc062723c751e8b465ee728b)  -> (artifact id: '496919a8ed7a58ab41b97130dde23f6a') in 0.004875 seconds
  Import took 0.006477 seconds .

========================================================================
Received Prepare
Registering precompiled user dll's ...
Registered in 0.000431 seconds.
Begin MonoManager ReloadAssembly
Native extension for WindowsStandalone target not found
Refreshing native plugins compatible for Editor in 0.19 ms, found 0 plugins.
Preloading 0 native plugins for Editor in 0.00 ms.
Invoked RoslynAnalysisRunner static constructor.
RoslynAnalysisRunner will not be running.
RoslynAnalysisRunner has terminated.
Mono: successfully reloaded assembly
- Completed reload, in  0.710 seconds
Platform modules already initialized, skipping
Refreshing native plugins compatible for Editor in 0.18 ms, found 0 plugins.
Preloading 0 native plugins for Editor in 0.00 ms.
Unloading 1108 Unused Serialized files (Serialized files now loaded: 0)
System memory in use before: 60.8 MB.
System memory in use after: 60.9 MB.

Unloading 4 unused Assets to reduce memory usage. Loaded Objects now: 1663.
Total: 1.364200 ms (FindLiveObjects: 0.116800 ms CreateObjectMapping: 0.032800 ms MarkObjects: 1.201800 ms  DeleteObjects: 0.012000 ms)

========================================================================
Received Import Request.
  Time since last request: 588.607637 seconds.
  path: Assets/PNG/source2.jpg
  artifactKey: Guid(c317703ea8e09654b90ae3d6b53757be) Importer(815301076,1909f56bfc062723c751e8b465ee728b)
Start importing Assets/PNG/source2.jpg using Guid(c317703ea8e09654b90ae3d6b53757be) Importer(815301076,1909f56bfc062723c751e8b465ee728b)  -> (artifact id: 'c9e7f49639b948d765d7f5c62c0f65c8') in 0.038379 seconds
  Import took 0.040697 seconds .

========================================================================
Received Import Request.
  Time since last request: 5.740399 seconds.
  path: Assets/PNG/Materials/big2048.mat
  artifactKey: Guid(e07466d5748a7414997d142edb994d93) Importer(815301076,1909f56bfc062723c751e8b465ee728b)
Start importing Assets/PNG/Materials/big2048.mat using Guid(e07466d5748a7414997d142edb994d93) Importer(815301076,1909f56bfc062723c751e8b465ee728b)  -> (artifact id: '6bf4665c62d7c7f120c16c4adcc9dca5') in 0.123537 seconds
  Import took 0.126272 seconds .

========================================================================
Received Import Request.
  Time since last request: 0.000274 seconds.
  path: Assets/PNG/Materials/MAY_base.mat
  artifactKey: Guid(5aafe45cde5f5514ba2236c3f0992841) Importer(815301076,1909f56bfc062723c751e8b465ee728b)
Start importing Assets/PNG/Materials/MAY_base.mat using Guid(5aafe45cde5f5514ba2236c3f0992841) Importer(815301076,1909f56bfc062723c751e8b465ee728b)  -> (artifact id: 'f65a9955aea92fc0c08e2b45d138d7ef') in 0.005569 seconds
  Import took 0.007195 seconds .

========================================================================
Received Import Request.
  Time since last request: 39.397832 seconds.
  path: Assets/Materials/source.mat
  artifactKey: Guid(f3fbdf9d53c074c4381b14e5beb368f6) Importer(815301076,1909f56bfc062723c751e8b465ee728b)
Start importing Assets/Materials/source.mat using Guid(f3fbdf9d53c074c4381b14e5beb368f6) Importer(815301076,1909f56bfc062723c751e8b465ee728b)  -> (artifact id: '25c9a0c30df70a00fc23d188a457dbd8') in 0.086033 seconds
  Import took 0.087975 seconds .

========================================================================
Received Import Request.
  Time since last request: 0.001843 seconds.
  path: Assets/Materials/source.mat
  artifactKey: Guid(f3fbdf9d53c074c4381b14e5beb368f6) Importer(815301076,1909f56bfc062723c751e8b465ee728b)
Start importing Assets/Materials/source.mat using Guid(f3fbdf9d53c074c4381b14e5beb368f6) Importer(815301076,1909f56bfc062723c751e8b465ee728b)  -> (artifact id: '25c9a0c30df70a00fc23d188a457dbd8') in 0.014414 seconds
  Import took 0.016184 seconds .

========================================================================
Received Prepare
Registering precompiled user dll's ...
Registered in 0.000400 seconds.
Begin MonoManager ReloadAssembly
Native extension for WindowsStandalone target not found
Refreshing native plugins compatible for Editor in 0.21 ms, found 0 plugins.
Preloading 0 native plugins for Editor in 0.00 ms.
Invoked RoslynAnalysisRunner static constructor.
RoslynAnalysisRunner will not be running.
RoslynAnalysisRunner has terminated.
Mono: successfully reloaded assembly
- Completed reload, in  0.687 seconds
Platform modules already initialized, skipping
Refreshing native plugins compatible for Editor in 0.18 ms, found 0 plugins.
Preloading 0 native plugins for Editor in 0.00 ms.
Unloading 1108 Unused Serialized files (Serialized files now loaded: 0)
System memory in use before: 60.8 MB.
System memory in use after: 60.9 MB.

Unloading 4 unused Assets to reduce memory usage. Loaded Objects now: 1667.
Total: 1.566000 ms (FindLiveObjects: 0.110100 ms CreateObjectMapping: 0.028200 ms MarkObjects: 1.414600 ms  DeleteObjects: 0.012100 ms)

AssetImportWorkerClient::OnTransportError - code=2 error=End of file
